<?xml version="1.0" encoding="UTF-8"?>
<<<<<<< HEAD
<testsuite xmlns:xsi="http://www.w3.org/2001/XMLSchema-instance" xsi:noNamespaceSchemaLocation="https://maven.apache.org/surefire/maven-surefire-plugin/xsd/surefire-test-report.xsd" name="com.ruanfen.AppTest" time="4.972" tests="1" errors="0" skipped="0" failures="0">
=======
<testsuite xmlns:xsi="http://www.w3.org/2001/XMLSchema-instance" xsi:noNamespaceSchemaLocation="https://maven.apache.org/surefire/maven-surefire-plugin/xsd/surefire-test-report.xsd" name="com.ruanfen.AppTest" time="6.908" tests="1" errors="1" skipped="0" failures="0">
>>>>>>> hui
  <properties>
    <property name="java.specification.version" value="17"/>
    <property name="sun.cpu.isalist" value="amd64"/>
    <property name="sun.jnu.encoding" value="GBK"/>
<<<<<<< HEAD
    <property name="java.class.path" value="D:\Work5\A_Project\ruanfen\academic\target\test-classes;D:\Work5\A_Project\ruanfen\academic\target\classes;D:\Maven\apache-maven-3.8.8\repo\org\springframework\boot\spring-boot-starter-web\2.6.2\spring-boot-starter-web-2.6.2.jar;D:\Maven\apache-maven-3.8.8\repo\org\springframework\boot\spring-boot-starter\2.6.2\spring-boot-starter-2.6.2.jar;D:\Maven\apache-maven-3.8.8\repo\org\springframework\boot\spring-boot\2.6.2\spring-boot-2.6.2.jar;D:\Maven\apache-maven-3.8.8\repo\org\springframework\boot\spring-boot-starter-logging\2.6.2\spring-boot-starter-logging-2.6.2.jar;D:\Maven\apache-maven-3.8.8\repo\ch\qos\logback\logback-classic\1.2.9\logback-classic-1.2.9.jar;D:\Maven\apache-maven-3.8.8\repo\ch\qos\logback\logback-core\1.2.9\logback-core-1.2.9.jar;D:\Maven\apache-maven-3.8.8\repo\org\apache\logging\log4j\log4j-to-slf4j\2.17.0\log4j-to-slf4j-2.17.0.jar;D:\Maven\apache-maven-3.8.8\repo\org\slf4j\jul-to-slf4j\1.7.32\jul-to-slf4j-1.7.32.jar;D:\Maven\apache-maven-3.8.8\repo\jakarta\annotation\jakarta.annotation-api\1.3.5\jakarta.annotation-api-1.3.5.jar;D:\Maven\apache-maven-3.8.8\repo\org\yaml\snakeyaml\1.29\snakeyaml-1.29.jar;D:\Maven\apache-maven-3.8.8\repo\org\springframework\boot\spring-boot-starter-json\2.6.2\spring-boot-starter-json-2.6.2.jar;D:\Maven\apache-maven-3.8.8\repo\com\fasterxml\jackson\datatype\jackson-datatype-jdk8\2.13.1\jackson-datatype-jdk8-2.13.1.jar;D:\Maven\apache-maven-3.8.8\repo\com\fasterxml\jackson\datatype\jackson-datatype-jsr310\2.13.1\jackson-datatype-jsr310-2.13.1.jar;D:\Maven\apache-maven-3.8.8\repo\com\fasterxml\jackson\module\jackson-module-parameter-names\2.13.1\jackson-module-parameter-names-2.13.1.jar;D:\Maven\apache-maven-3.8.8\repo\org\springframework\boot\spring-boot-starter-tomcat\2.6.2\spring-boot-starter-tomcat-2.6.2.jar;D:\Maven\apache-maven-3.8.8\repo\org\apache\tomcat\embed\tomcat-embed-core\9.0.56\tomcat-embed-core-9.0.56.jar;D:\Maven\apache-maven-3.8.8\repo\org\apache\tomcat\embed\tomcat-embed-websocket\9.0.56\tomcat-embed-websocket-9.0.56.jar;D:\Maven\apache-maven-3.8.8\repo\org\springframework\spring-web\5.3.14\spring-web-5.3.14.jar;D:\Maven\apache-maven-3.8.8\repo\org\springframework\spring-beans\5.3.14\spring-beans-5.3.14.jar;D:\Maven\apache-maven-3.8.8\repo\org\springframework\spring-webmvc\5.3.14\spring-webmvc-5.3.14.jar;D:\Maven\apache-maven-3.8.8\repo\org\springframework\spring-aop\5.3.14\spring-aop-5.3.14.jar;D:\Maven\apache-maven-3.8.8\repo\org\springframework\spring-context\5.3.14\spring-context-5.3.14.jar;D:\Maven\apache-maven-3.8.8\repo\org\springframework\spring-expression\5.3.14\spring-expression-5.3.14.jar;D:\Maven\apache-maven-3.8.8\repo\com\baomidou\mybatis-plus-boot-starter\3.4.2\mybatis-plus-boot-starter-3.4.2.jar;D:\Maven\apache-maven-3.8.8\repo\com\baomidou\mybatis-plus\3.4.2\mybatis-plus-3.4.2.jar;D:\Maven\apache-maven-3.8.8\repo\com\baomidou\mybatis-plus-extension\3.4.2\mybatis-plus-extension-3.4.2.jar;D:\Maven\apache-maven-3.8.8\repo\com\baomidou\mybatis-plus-core\3.4.2\mybatis-plus-core-3.4.2.jar;D:\Maven\apache-maven-3.8.8\repo\com\baomidou\mybatis-plus-annotation\3.4.2\mybatis-plus-annotation-3.4.2.jar;D:\Maven\apache-maven-3.8.8\repo\com\github\jsqlparser\jsqlparser\4.0\jsqlparser-4.0.jar;D:\Maven\apache-maven-3.8.8\repo\org\mybatis\mybatis\3.5.6\mybatis-3.5.6.jar;D:\Maven\apache-maven-3.8.8\repo\org\mybatis\mybatis-spring\2.0.5\mybatis-spring-2.0.5.jar;D:\Maven\apache-maven-3.8.8\repo\org\springframework\boot\spring-boot-autoconfigure\2.6.2\spring-boot-autoconfigure-2.6.2.jar;D:\Maven\apache-maven-3.8.8\repo\org\springframework\boot\spring-boot-starter-jdbc\2.6.2\spring-boot-starter-jdbc-2.6.2.jar;D:\Maven\apache-maven-3.8.8\repo\com\zaxxer\HikariCP\4.0.3\HikariCP-4.0.3.jar;D:\Maven\apache-maven-3.8.8\repo\org\springframework\spring-jdbc\5.3.14\spring-jdbc-5.3.14.jar;D:\Maven\apache-maven-3.8.8\repo\mysql\mysql-connector-java\8.0.27\mysql-connector-java-8.0.27.jar;D:\Maven\apache-maven-3.8.8\repo\org\projectlombok\lombok\1.18.22\lombok-1.18.22.jar;D:\Maven\apache-maven-3.8.8\repo\org\springframework\boot\spring-boot-starter-validation\2.6.2\spring-boot-starter-validation-2.6.2.jar;D:\Maven\apache-maven-3.8.8\repo\org\apache\tomcat\embed\tomcat-embed-el\9.0.56\tomcat-embed-el-9.0.56.jar;D:\Maven\apache-maven-3.8.8\repo\org\hibernate\validator\hibernate-validator\6.2.0.Final\hibernate-validator-6.2.0.Final.jar;D:\Maven\apache-maven-3.8.8\repo\jakarta\validation\jakarta.validation-api\2.0.2\jakarta.validation-api-2.0.2.jar;D:\Maven\apache-maven-3.8.8\repo\org\jboss\logging\jboss-logging\3.4.2.Final\jboss-logging-3.4.2.Final.jar;D:\Maven\apache-maven-3.8.8\repo\com\fasterxml\classmate\1.5.1\classmate-1.5.1.jar;D:\Maven\apache-maven-3.8.8\repo\com\auth0\java-jwt\4.4.0\java-jwt-4.4.0.jar;D:\Maven\apache-maven-3.8.8\repo\com\fasterxml\jackson\core\jackson-databind\2.13.1\jackson-databind-2.13.1.jar;D:\Maven\apache-maven-3.8.8\repo\com\fasterxml\jackson\core\jackson-annotations\2.13.1\jackson-annotations-2.13.1.jar;D:\Maven\apache-maven-3.8.8\repo\com\fasterxml\jackson\core\jackson-core\2.13.1\jackson-core-2.13.1.jar;D:\Maven\apache-maven-3.8.8\repo\org\springframework\boot\spring-boot-starter-test\2.6.2\spring-boot-starter-test-2.6.2.jar;D:\Maven\apache-maven-3.8.8\repo\org\springframework\boot\spring-boot-test\2.6.2\spring-boot-test-2.6.2.jar;D:\Maven\apache-maven-3.8.8\repo\org\springframework\boot\spring-boot-test-autoconfigure\2.6.2\spring-boot-test-autoconfigure-2.6.2.jar;D:\Maven\apache-maven-3.8.8\repo\com\jayway\jsonpath\json-path\2.6.0\json-path-2.6.0.jar;D:\Maven\apache-maven-3.8.8\repo\net\minidev\json-smart\2.4.7\json-smart-2.4.7.jar;D:\Maven\apache-maven-3.8.8\repo\net\minidev\accessors-smart\2.4.7\accessors-smart-2.4.7.jar;D:\Maven\apache-maven-3.8.8\repo\org\ow2\asm\asm\9.1\asm-9.1.jar;D:\Maven\apache-maven-3.8.8\repo\org\slf4j\slf4j-api\1.7.32\slf4j-api-1.7.32.jar;D:\Maven\apache-maven-3.8.8\repo\jakarta\xml\bind\jakarta.xml.bind-api\2.3.3\jakarta.xml.bind-api-2.3.3.jar;D:\Maven\apache-maven-3.8.8\repo\jakarta\activation\jakarta.activation-api\1.2.2\jakarta.activation-api-1.2.2.jar;D:\Maven\apache-maven-3.8.8\repo\org\assertj\assertj-core\3.21.0\assertj-core-3.21.0.jar;D:\Maven\apache-maven-3.8.8\repo\org\hamcrest\hamcrest\2.2\hamcrest-2.2.jar;D:\Maven\apache-maven-3.8.8\repo\org\junit\jupiter\junit-jupiter\5.8.2\junit-jupiter-5.8.2.jar;D:\Maven\apache-maven-3.8.8\repo\org\junit\jupiter\junit-jupiter-api\5.8.2\junit-jupiter-api-5.8.2.jar;D:\Maven\apache-maven-3.8.8\repo\org\opentest4j\opentest4j\1.2.0\opentest4j-1.2.0.jar;D:\Maven\apache-maven-3.8.8\repo\org\junit\platform\junit-platform-commons\1.8.2\junit-platform-commons-1.8.2.jar;D:\Maven\apache-maven-3.8.8\repo\org\apiguardian\apiguardian-api\1.1.2\apiguardian-api-1.1.2.jar;D:\Maven\apache-maven-3.8.8\repo\org\junit\jupiter\junit-jupiter-params\5.8.2\junit-jupiter-params-5.8.2.jar;D:\Maven\apache-maven-3.8.8\repo\org\junit\jupiter\junit-jupiter-engine\5.8.2\junit-jupiter-engine-5.8.2.jar;D:\Maven\apache-maven-3.8.8\repo\org\junit\platform\junit-platform-engine\1.8.2\junit-platform-engine-1.8.2.jar;D:\Maven\apache-maven-3.8.8\repo\org\mockito\mockito-core\4.0.0\mockito-core-4.0.0.jar;D:\Maven\apache-maven-3.8.8\repo\net\bytebuddy\byte-buddy\1.11.22\byte-buddy-1.11.22.jar;D:\Maven\apache-maven-3.8.8\repo\net\bytebuddy\byte-buddy-agent\1.11.22\byte-buddy-agent-1.11.22.jar;D:\Maven\apache-maven-3.8.8\repo\org\objenesis\objenesis\3.2\objenesis-3.2.jar;D:\Maven\apache-maven-3.8.8\repo\org\mockito\mockito-junit-jupiter\4.0.0\mockito-junit-jupiter-4.0.0.jar;D:\Maven\apache-maven-3.8.8\repo\org\skyscreamer\jsonassert\1.5.0\jsonassert-1.5.0.jar;D:\Maven\apache-maven-3.8.8\repo\com\vaadin\external\google\android-json\0.0.20131108.vaadin1\android-json-0.0.20131108.vaadin1.jar;D:\Maven\apache-maven-3.8.8\repo\org\springframework\spring-core\5.3.14\spring-core-5.3.14.jar;D:\Maven\apache-maven-3.8.8\repo\org\springframework\spring-jcl\5.3.14\spring-jcl-5.3.14.jar;D:\Maven\apache-maven-3.8.8\repo\org\springframework\spring-test\5.3.14\spring-test-5.3.14.jar;D:\Maven\apache-maven-3.8.8\repo\org\xmlunit\xmlunit-core\2.8.4\xmlunit-core-2.8.4.jar;D:\Maven\apache-maven-3.8.8\repo\org\springframework\boot\spring-boot-starter-mail\2.6.2\spring-boot-starter-mail-2.6.2.jar;D:\Maven\apache-maven-3.8.8\repo\org\springframework\spring-context-support\5.3.14\spring-context-support-5.3.14.jar;D:\Maven\apache-maven-3.8.8\repo\com\sun\mail\jakarta.mail\1.6.7\jakarta.mail-1.6.7.jar;D:\Maven\apache-maven-3.8.8\repo\com\sun\activation\jakarta.activation\1.2.2\jakarta.activation-1.2.2.jar;D:\Maven\apache-maven-3.8.8\repo\org\elasticsearch\client\elasticsearch-rest-high-level-client\7.15.2\elasticsearch-rest-high-level-client-7.15.2.jar;D:\Maven\apache-maven-3.8.8\repo\org\elasticsearch\elasticsearch\7.15.2\elasticsearch-7.15.2.jar;D:\Maven\apache-maven-3.8.8\repo\org\elasticsearch\elasticsearch-core\7.15.2\elasticsearch-core-7.15.2.jar;D:\Maven\apache-maven-3.8.8\repo\org\elasticsearch\elasticsearch-secure-sm\7.15.2\elasticsearch-secure-sm-7.15.2.jar;D:\Maven\apache-maven-3.8.8\repo\org\elasticsearch\elasticsearch-x-content\7.15.2\elasticsearch-x-content-7.15.2.jar;D:\Maven\apache-maven-3.8.8\repo\com\fasterxml\jackson\dataformat\jackson-dataformat-smile\2.13.1\jackson-dataformat-smile-2.13.1.jar;D:\Maven\apache-maven-3.8.8\repo\com\fasterxml\jackson\dataformat\jackson-dataformat-yaml\2.13.1\jackson-dataformat-yaml-2.13.1.jar;D:\Maven\apache-maven-3.8.8\repo\com\fasterxml\jackson\dataformat\jackson-dataformat-cbor\2.13.1\jackson-dataformat-cbor-2.13.1.jar;D:\Maven\apache-maven-3.8.8\repo\org\elasticsearch\elasticsearch-geo\7.15.2\elasticsearch-geo-7.15.2.jar;D:\Maven\apache-maven-3.8.8\repo\org\apache\lucene\lucene-core\8.9.0\lucene-core-8.9.0.jar;D:\Maven\apache-maven-3.8.8\repo\org\apache\lucene\lucene-analyzers-common\8.9.0\lucene-analyzers-common-8.9.0.jar;D:\Maven\apache-maven-3.8.8\repo\org\apache\lucene\lucene-backward-codecs\8.9.0\lucene-backward-codecs-8.9.0.jar;D:\Maven\apache-maven-3.8.8\repo\org\apache\lucene\lucene-grouping\8.9.0\lucene-grouping-8.9.0.jar;D:\Maven\apache-maven-3.8.8\repo\org\apache\lucene\lucene-highlighter\8.9.0\lucene-highlighter-8.9.0.jar;D:\Maven\apache-maven-3.8.8\repo\org\apache\lucene\lucene-join\8.9.0\lucene-join-8.9.0.jar;D:\Maven\apache-maven-3.8.8\repo\org\apache\lucene\lucene-memory\8.9.0\lucene-memory-8.9.0.jar;D:\Maven\apache-maven-3.8.8\repo\org\apache\lucene\lucene-misc\8.9.0\lucene-misc-8.9.0.jar;D:\Maven\apache-maven-3.8.8\repo\org\apache\lucene\lucene-queries\8.9.0\lucene-queries-8.9.0.jar;D:\Maven\apache-maven-3.8.8\repo\org\apache\lucene\lucene-queryparser\8.9.0\lucene-queryparser-8.9.0.jar;D:\Maven\apache-maven-3.8.8\repo\org\apache\lucene\lucene-sandbox\8.9.0\lucene-sandbox-8.9.0.jar;D:\Maven\apache-maven-3.8.8\repo\org\apache\lucene\lucene-spatial-extras\8.9.0\lucene-spatial-extras-8.9.0.jar;D:\Maven\apache-maven-3.8.8\repo\org\apache\lucene\lucene-spatial3d\8.9.0\lucene-spatial3d-8.9.0.jar;D:\Maven\apache-maven-3.8.8\repo\org\apache\lucene\lucene-suggest\8.9.0\lucene-suggest-8.9.0.jar;D:\Maven\apache-maven-3.8.8\repo\org\elasticsearch\elasticsearch-cli\7.15.2\elasticsearch-cli-7.15.2.jar;D:\Maven\apache-maven-3.8.8\repo\net\sf\jopt-simple\jopt-simple\5.0.2\jopt-simple-5.0.2.jar;D:\Maven\apache-maven-3.8.8\repo\com\carrotsearch\hppc\0.8.1\hppc-0.8.1.jar;D:\Maven\apache-maven-3.8.8\repo\org\lz4\lz4-java\1.8.0\lz4-java-1.8.0.jar;D:\Maven\apache-maven-3.8.8\repo\joda-time\joda-time\2.10.10\joda-time-2.10.10.jar;D:\Maven\apache-maven-3.8.8\repo\com\tdunning\t-digest\3.2\t-digest-3.2.jar;D:\Maven\apache-maven-3.8.8\repo\org\hdrhistogram\HdrHistogram\2.1.9\HdrHistogram-2.1.9.jar;D:\Maven\apache-maven-3.8.8\repo\org\apache\logging\log4j\log4j-api\2.17.0\log4j-api-2.17.0.jar;D:\Maven\apache-maven-3.8.8\repo\org\elasticsearch\jna\5.7.0-1\jna-5.7.0-1.jar;D:\Maven\apache-maven-3.8.8\repo\org\elasticsearch\elasticsearch-plugin-classloader\7.15.2\elasticsearch-plugin-classloader-7.15.2.jar;D:\Maven\apache-maven-3.8.8\repo\org\elasticsearch\client\elasticsearch-rest-client\7.15.2\elasticsearch-rest-client-7.15.2.jar;D:\Maven\apache-maven-3.8.8\repo\org\apache\httpcomponents\httpclient\4.5.13\httpclient-4.5.13.jar;D:\Maven\apache-maven-3.8.8\repo\org\apache\httpcomponents\httpcore\4.4.15\httpcore-4.4.15.jar;D:\Maven\apache-maven-3.8.8\repo\org\apache\httpcomponents\httpasyncclient\4.1.5\httpasyncclient-4.1.5.jar;D:\Maven\apache-maven-3.8.8\repo\org\apache\httpcomponents\httpcore-nio\4.4.15\httpcore-nio-4.4.15.jar;D:\Maven\apache-maven-3.8.8\repo\commons-codec\commons-codec\1.15\commons-codec-1.15.jar;D:\Maven\apache-maven-3.8.8\repo\org\elasticsearch\plugin\mapper-extras-client\7.15.2\mapper-extras-client-7.15.2.jar;D:\Maven\apache-maven-3.8.8\repo\org\elasticsearch\plugin\parent-join-client\7.15.2\parent-join-client-7.15.2.jar;D:\Maven\apache-maven-3.8.8\repo\org\elasticsearch\plugin\aggs-matrix-stats-client\7.15.2\aggs-matrix-stats-client-7.15.2.jar;D:\Maven\apache-maven-3.8.8\repo\org\elasticsearch\plugin\rank-eval-client\7.15.2\rank-eval-client-7.15.2.jar;D:\Maven\apache-maven-3.8.8\repo\org\elasticsearch\plugin\lang-mustache-client\7.15.2\lang-mustache-client-7.15.2.jar;D:\Maven\apache-maven-3.8.8\repo\com\github\spullara\mustache\java\compiler\0.9.6\compiler-0.9.6.jar;D:\Maven\apache-maven-3.8.8\repo\org\springframework\boot\spring-boot-starter-data-redis\2.6.2\spring-boot-starter-data-redis-2.6.2.jar;D:\Maven\apache-maven-3.8.8\repo\org\springframework\data\spring-data-redis\2.6.0\spring-data-redis-2.6.0.jar;D:\Maven\apache-maven-3.8.8\repo\org\springframework\data\spring-data-keyvalue\2.6.0\spring-data-keyvalue-2.6.0.jar;D:\Maven\apache-maven-3.8.8\repo\org\springframework\data\spring-data-commons\2.6.0\spring-data-commons-2.6.0.jar;D:\Maven\apache-maven-3.8.8\repo\org\springframework\spring-tx\5.3.14\spring-tx-5.3.14.jar;D:\Maven\apache-maven-3.8.8\repo\org\springframework\spring-oxm\5.3.14\spring-oxm-5.3.14.jar;D:\Maven\apache-maven-3.8.8\repo\io\lettuce\lettuce-core\6.1.5.RELEASE\lettuce-core-6.1.5.RELEASE.jar;D:\Maven\apache-maven-3.8.8\repo\io\netty\netty-common\4.1.72.Final\netty-common-4.1.72.Final.jar;D:\Maven\apache-maven-3.8.8\repo\io\netty\netty-handler\4.1.72.Final\netty-handler-4.1.72.Final.jar;D:\Maven\apache-maven-3.8.8\repo\io\netty\netty-resolver\4.1.72.Final\netty-resolver-4.1.72.Final.jar;D:\Maven\apache-maven-3.8.8\repo\io\netty\netty-buffer\4.1.72.Final\netty-buffer-4.1.72.Final.jar;D:\Maven\apache-maven-3.8.8\repo\io\netty\netty-codec\4.1.72.Final\netty-codec-4.1.72.Final.jar;D:\Maven\apache-maven-3.8.8\repo\io\netty\netty-tcnative-classes\2.0.46.Final\netty-tcnative-classes-2.0.46.Final.jar;D:\Maven\apache-maven-3.8.8\repo\io\netty\netty-transport\4.1.72.Final\netty-transport-4.1.72.Final.jar;D:\Maven\apache-maven-3.8.8\repo\io\projectreactor\reactor-core\3.4.13\reactor-core-3.4.13.jar;D:\Maven\apache-maven-3.8.8\repo\org\reactivestreams\reactive-streams\1.0.3\reactive-streams-1.0.3.jar;D:\Maven\apache-maven-3.8.8\repo\com\alibaba\fastjson\2.0.1\fastjson-2.0.1.jar;D:\Maven\apache-maven-3.8.8\repo\com\alibaba\fastjson2\fastjson2-extension\2.0.1\fastjson2-extension-2.0.1.jar;D:\Maven\apache-maven-3.8.8\repo\com\alibaba\fastjson2\fastjson2\2.0.1\fastjson2-2.0.1.jar;"/>
=======
    <property name="java.class.path" value="C:\Users\lenovo\Desktop\ruanfen-back\target\test-classes;C:\Users\lenovo\Desktop\ruanfen-back\target\classes;C:\Users\lenovo\.m2\repository\org\springframework\boot\spring-boot-starter-web\2.6.2\spring-boot-starter-web-2.6.2.jar;C:\Users\lenovo\.m2\repository\org\springframework\boot\spring-boot-starter\2.6.2\spring-boot-starter-2.6.2.jar;C:\Users\lenovo\.m2\repository\org\springframework\boot\spring-boot\2.6.2\spring-boot-2.6.2.jar;C:\Users\lenovo\.m2\repository\org\springframework\boot\spring-boot-starter-logging\2.6.2\spring-boot-starter-logging-2.6.2.jar;C:\Users\lenovo\.m2\repository\ch\qos\logback\logback-classic\1.2.9\logback-classic-1.2.9.jar;C:\Users\lenovo\.m2\repository\ch\qos\logback\logback-core\1.2.9\logback-core-1.2.9.jar;C:\Users\lenovo\.m2\repository\org\apache\logging\log4j\log4j-to-slf4j\2.17.0\log4j-to-slf4j-2.17.0.jar;C:\Users\lenovo\.m2\repository\org\slf4j\jul-to-slf4j\1.7.32\jul-to-slf4j-1.7.32.jar;C:\Users\lenovo\.m2\repository\jakarta\annotation\jakarta.annotation-api\1.3.5\jakarta.annotation-api-1.3.5.jar;C:\Users\lenovo\.m2\repository\org\yaml\snakeyaml\1.29\snakeyaml-1.29.jar;C:\Users\lenovo\.m2\repository\org\springframework\boot\spring-boot-starter-json\2.6.2\spring-boot-starter-json-2.6.2.jar;C:\Users\lenovo\.m2\repository\com\fasterxml\jackson\datatype\jackson-datatype-jdk8\2.13.1\jackson-datatype-jdk8-2.13.1.jar;C:\Users\lenovo\.m2\repository\com\fasterxml\jackson\datatype\jackson-datatype-jsr310\2.13.1\jackson-datatype-jsr310-2.13.1.jar;C:\Users\lenovo\.m2\repository\com\fasterxml\jackson\module\jackson-module-parameter-names\2.13.1\jackson-module-parameter-names-2.13.1.jar;C:\Users\lenovo\.m2\repository\org\springframework\boot\spring-boot-starter-tomcat\2.6.2\spring-boot-starter-tomcat-2.6.2.jar;C:\Users\lenovo\.m2\repository\org\apache\tomcat\embed\tomcat-embed-core\9.0.56\tomcat-embed-core-9.0.56.jar;C:\Users\lenovo\.m2\repository\org\apache\tomcat\embed\tomcat-embed-websocket\9.0.56\tomcat-embed-websocket-9.0.56.jar;C:\Users\lenovo\.m2\repository\org\springframework\spring-web\5.3.14\spring-web-5.3.14.jar;C:\Users\lenovo\.m2\repository\org\springframework\spring-beans\5.3.14\spring-beans-5.3.14.jar;C:\Users\lenovo\.m2\repository\org\springframework\spring-webmvc\5.3.14\spring-webmvc-5.3.14.jar;C:\Users\lenovo\.m2\repository\org\springframework\spring-aop\5.3.14\spring-aop-5.3.14.jar;C:\Users\lenovo\.m2\repository\org\springframework\spring-context\5.3.14\spring-context-5.3.14.jar;C:\Users\lenovo\.m2\repository\org\springframework\spring-expression\5.3.14\spring-expression-5.3.14.jar;C:\Users\lenovo\.m2\repository\com\baomidou\mybatis-plus-boot-starter\3.4.2\mybatis-plus-boot-starter-3.4.2.jar;C:\Users\lenovo\.m2\repository\com\baomidou\mybatis-plus\3.4.2\mybatis-plus-3.4.2.jar;C:\Users\lenovo\.m2\repository\com\baomidou\mybatis-plus-extension\3.4.2\mybatis-plus-extension-3.4.2.jar;C:\Users\lenovo\.m2\repository\com\baomidou\mybatis-plus-core\3.4.2\mybatis-plus-core-3.4.2.jar;C:\Users\lenovo\.m2\repository\com\baomidou\mybatis-plus-annotation\3.4.2\mybatis-plus-annotation-3.4.2.jar;C:\Users\lenovo\.m2\repository\com\github\jsqlparser\jsqlparser\4.0\jsqlparser-4.0.jar;C:\Users\lenovo\.m2\repository\org\mybatis\mybatis\3.5.6\mybatis-3.5.6.jar;C:\Users\lenovo\.m2\repository\org\mybatis\mybatis-spring\2.0.5\mybatis-spring-2.0.5.jar;C:\Users\lenovo\.m2\repository\org\springframework\boot\spring-boot-autoconfigure\2.6.2\spring-boot-autoconfigure-2.6.2.jar;C:\Users\lenovo\.m2\repository\org\springframework\boot\spring-boot-starter-jdbc\2.6.2\spring-boot-starter-jdbc-2.6.2.jar;C:\Users\lenovo\.m2\repository\com\zaxxer\HikariCP\4.0.3\HikariCP-4.0.3.jar;C:\Users\lenovo\.m2\repository\org\springframework\spring-jdbc\5.3.14\spring-jdbc-5.3.14.jar;C:\Users\lenovo\.m2\repository\mysql\mysql-connector-java\8.0.27\mysql-connector-java-8.0.27.jar;C:\Users\lenovo\.m2\repository\org\projectlombok\lombok\1.18.22\lombok-1.18.22.jar;C:\Users\lenovo\.m2\repository\org\springframework\boot\spring-boot-starter-validation\2.6.2\spring-boot-starter-validation-2.6.2.jar;C:\Users\lenovo\.m2\repository\org\apache\tomcat\embed\tomcat-embed-el\9.0.56\tomcat-embed-el-9.0.56.jar;C:\Users\lenovo\.m2\repository\org\hibernate\validator\hibernate-validator\6.2.0.Final\hibernate-validator-6.2.0.Final.jar;C:\Users\lenovo\.m2\repository\jakarta\validation\jakarta.validation-api\2.0.2\jakarta.validation-api-2.0.2.jar;C:\Users\lenovo\.m2\repository\org\jboss\logging\jboss-logging\3.4.2.Final\jboss-logging-3.4.2.Final.jar;C:\Users\lenovo\.m2\repository\com\fasterxml\classmate\1.5.1\classmate-1.5.1.jar;C:\Users\lenovo\.m2\repository\com\auth0\java-jwt\4.4.0\java-jwt-4.4.0.jar;C:\Users\lenovo\.m2\repository\com\fasterxml\jackson\core\jackson-databind\2.13.1\jackson-databind-2.13.1.jar;C:\Users\lenovo\.m2\repository\com\fasterxml\jackson\core\jackson-annotations\2.13.1\jackson-annotations-2.13.1.jar;C:\Users\lenovo\.m2\repository\com\fasterxml\jackson\core\jackson-core\2.13.1\jackson-core-2.13.1.jar;C:\Users\lenovo\.m2\repository\org\springframework\boot\spring-boot-starter-test\2.6.2\spring-boot-starter-test-2.6.2.jar;C:\Users\lenovo\.m2\repository\org\springframework\boot\spring-boot-test\2.6.2\spring-boot-test-2.6.2.jar;C:\Users\lenovo\.m2\repository\org\springframework\boot\spring-boot-test-autoconfigure\2.6.2\spring-boot-test-autoconfigure-2.6.2.jar;C:\Users\lenovo\.m2\repository\com\jayway\jsonpath\json-path\2.6.0\json-path-2.6.0.jar;C:\Users\lenovo\.m2\repository\net\minidev\json-smart\2.4.7\json-smart-2.4.7.jar;C:\Users\lenovo\.m2\repository\net\minidev\accessors-smart\2.4.7\accessors-smart-2.4.7.jar;C:\Users\lenovo\.m2\repository\org\ow2\asm\asm\9.1\asm-9.1.jar;C:\Users\lenovo\.m2\repository\org\slf4j\slf4j-api\1.7.32\slf4j-api-1.7.32.jar;C:\Users\lenovo\.m2\repository\jakarta\xml\bind\jakarta.xml.bind-api\2.3.3\jakarta.xml.bind-api-2.3.3.jar;C:\Users\lenovo\.m2\repository\jakarta\activation\jakarta.activation-api\1.2.2\jakarta.activation-api-1.2.2.jar;C:\Users\lenovo\.m2\repository\org\assertj\assertj-core\3.21.0\assertj-core-3.21.0.jar;C:\Users\lenovo\.m2\repository\org\hamcrest\hamcrest\2.2\hamcrest-2.2.jar;C:\Users\lenovo\.m2\repository\org\junit\jupiter\junit-jupiter\5.8.2\junit-jupiter-5.8.2.jar;C:\Users\lenovo\.m2\repository\org\junit\jupiter\junit-jupiter-api\5.8.2\junit-jupiter-api-5.8.2.jar;C:\Users\lenovo\.m2\repository\org\opentest4j\opentest4j\1.2.0\opentest4j-1.2.0.jar;C:\Users\lenovo\.m2\repository\org\junit\platform\junit-platform-commons\1.8.2\junit-platform-commons-1.8.2.jar;C:\Users\lenovo\.m2\repository\org\apiguardian\apiguardian-api\1.1.2\apiguardian-api-1.1.2.jar;C:\Users\lenovo\.m2\repository\org\junit\jupiter\junit-jupiter-params\5.8.2\junit-jupiter-params-5.8.2.jar;C:\Users\lenovo\.m2\repository\org\junit\jupiter\junit-jupiter-engine\5.8.2\junit-jupiter-engine-5.8.2.jar;C:\Users\lenovo\.m2\repository\org\junit\platform\junit-platform-engine\1.8.2\junit-platform-engine-1.8.2.jar;C:\Users\lenovo\.m2\repository\org\mockito\mockito-core\4.0.0\mockito-core-4.0.0.jar;C:\Users\lenovo\.m2\repository\net\bytebuddy\byte-buddy\1.11.22\byte-buddy-1.11.22.jar;C:\Users\lenovo\.m2\repository\net\bytebuddy\byte-buddy-agent\1.11.22\byte-buddy-agent-1.11.22.jar;C:\Users\lenovo\.m2\repository\org\objenesis\objenesis\3.2\objenesis-3.2.jar;C:\Users\lenovo\.m2\repository\org\mockito\mockito-junit-jupiter\4.0.0\mockito-junit-jupiter-4.0.0.jar;C:\Users\lenovo\.m2\repository\org\skyscreamer\jsonassert\1.5.0\jsonassert-1.5.0.jar;C:\Users\lenovo\.m2\repository\com\vaadin\external\google\android-json\0.0.20131108.vaadin1\android-json-0.0.20131108.vaadin1.jar;C:\Users\lenovo\.m2\repository\org\springframework\spring-core\5.3.14\spring-core-5.3.14.jar;C:\Users\lenovo\.m2\repository\org\springframework\spring-jcl\5.3.14\spring-jcl-5.3.14.jar;C:\Users\lenovo\.m2\repository\org\springframework\spring-test\5.3.14\spring-test-5.3.14.jar;C:\Users\lenovo\.m2\repository\org\xmlunit\xmlunit-core\2.8.4\xmlunit-core-2.8.4.jar;C:\Users\lenovo\.m2\repository\org\springframework\boot\spring-boot-starter-mail\2.6.2\spring-boot-starter-mail-2.6.2.jar;C:\Users\lenovo\.m2\repository\org\springframework\spring-context-support\5.3.14\spring-context-support-5.3.14.jar;C:\Users\lenovo\.m2\repository\com\sun\mail\jakarta.mail\1.6.7\jakarta.mail-1.6.7.jar;C:\Users\lenovo\.m2\repository\com\sun\activation\jakarta.activation\1.2.2\jakarta.activation-1.2.2.jar;C:\Users\lenovo\.m2\repository\org\elasticsearch\client\elasticsearch-rest-high-level-client\7.15.2\elasticsearch-rest-high-level-client-7.15.2.jar;C:\Users\lenovo\.m2\repository\org\elasticsearch\elasticsearch\7.15.2\elasticsearch-7.15.2.jar;C:\Users\lenovo\.m2\repository\org\elasticsearch\elasticsearch-core\7.15.2\elasticsearch-core-7.15.2.jar;C:\Users\lenovo\.m2\repository\org\elasticsearch\elasticsearch-secure-sm\7.15.2\elasticsearch-secure-sm-7.15.2.jar;C:\Users\lenovo\.m2\repository\org\elasticsearch\elasticsearch-x-content\7.15.2\elasticsearch-x-content-7.15.2.jar;C:\Users\lenovo\.m2\repository\com\fasterxml\jackson\dataformat\jackson-dataformat-smile\2.13.1\jackson-dataformat-smile-2.13.1.jar;C:\Users\lenovo\.m2\repository\com\fasterxml\jackson\dataformat\jackson-dataformat-yaml\2.13.1\jackson-dataformat-yaml-2.13.1.jar;C:\Users\lenovo\.m2\repository\com\fasterxml\jackson\dataformat\jackson-dataformat-cbor\2.13.1\jackson-dataformat-cbor-2.13.1.jar;C:\Users\lenovo\.m2\repository\org\elasticsearch\elasticsearch-geo\7.15.2\elasticsearch-geo-7.15.2.jar;C:\Users\lenovo\.m2\repository\org\apache\lucene\lucene-core\8.9.0\lucene-core-8.9.0.jar;C:\Users\lenovo\.m2\repository\org\apache\lucene\lucene-analyzers-common\8.9.0\lucene-analyzers-common-8.9.0.jar;C:\Users\lenovo\.m2\repository\org\apache\lucene\lucene-backward-codecs\8.9.0\lucene-backward-codecs-8.9.0.jar;C:\Users\lenovo\.m2\repository\org\apache\lucene\lucene-grouping\8.9.0\lucene-grouping-8.9.0.jar;C:\Users\lenovo\.m2\repository\org\apache\lucene\lucene-highlighter\8.9.0\lucene-highlighter-8.9.0.jar;C:\Users\lenovo\.m2\repository\org\apache\lucene\lucene-join\8.9.0\lucene-join-8.9.0.jar;C:\Users\lenovo\.m2\repository\org\apache\lucene\lucene-memory\8.9.0\lucene-memory-8.9.0.jar;C:\Users\lenovo\.m2\repository\org\apache\lucene\lucene-misc\8.9.0\lucene-misc-8.9.0.jar;C:\Users\lenovo\.m2\repository\org\apache\lucene\lucene-queries\8.9.0\lucene-queries-8.9.0.jar;C:\Users\lenovo\.m2\repository\org\apache\lucene\lucene-queryparser\8.9.0\lucene-queryparser-8.9.0.jar;C:\Users\lenovo\.m2\repository\org\apache\lucene\lucene-sandbox\8.9.0\lucene-sandbox-8.9.0.jar;C:\Users\lenovo\.m2\repository\org\apache\lucene\lucene-spatial-extras\8.9.0\lucene-spatial-extras-8.9.0.jar;C:\Users\lenovo\.m2\repository\org\apache\lucene\lucene-spatial3d\8.9.0\lucene-spatial3d-8.9.0.jar;C:\Users\lenovo\.m2\repository\org\apache\lucene\lucene-suggest\8.9.0\lucene-suggest-8.9.0.jar;C:\Users\lenovo\.m2\repository\org\elasticsearch\elasticsearch-cli\7.15.2\elasticsearch-cli-7.15.2.jar;C:\Users\lenovo\.m2\repository\net\sf\jopt-simple\jopt-simple\5.0.2\jopt-simple-5.0.2.jar;C:\Users\lenovo\.m2\repository\com\carrotsearch\hppc\0.8.1\hppc-0.8.1.jar;C:\Users\lenovo\.m2\repository\org\lz4\lz4-java\1.8.0\lz4-java-1.8.0.jar;C:\Users\lenovo\.m2\repository\joda-time\joda-time\2.10.10\joda-time-2.10.10.jar;C:\Users\lenovo\.m2\repository\com\tdunning\t-digest\3.2\t-digest-3.2.jar;C:\Users\lenovo\.m2\repository\org\hdrhistogram\HdrHistogram\2.1.9\HdrHistogram-2.1.9.jar;C:\Users\lenovo\.m2\repository\org\apache\logging\log4j\log4j-api\2.17.0\log4j-api-2.17.0.jar;C:\Users\lenovo\.m2\repository\org\elasticsearch\jna\5.7.0-1\jna-5.7.0-1.jar;C:\Users\lenovo\.m2\repository\org\elasticsearch\elasticsearch-plugin-classloader\7.15.2\elasticsearch-plugin-classloader-7.15.2.jar;C:\Users\lenovo\.m2\repository\org\elasticsearch\client\elasticsearch-rest-client\7.15.2\elasticsearch-rest-client-7.15.2.jar;C:\Users\lenovo\.m2\repository\org\apache\httpcomponents\httpclient\4.5.13\httpclient-4.5.13.jar;C:\Users\lenovo\.m2\repository\org\apache\httpcomponents\httpcore\4.4.15\httpcore-4.4.15.jar;C:\Users\lenovo\.m2\repository\org\apache\httpcomponents\httpasyncclient\4.1.5\httpasyncclient-4.1.5.jar;C:\Users\lenovo\.m2\repository\org\apache\httpcomponents\httpcore-nio\4.4.15\httpcore-nio-4.4.15.jar;C:\Users\lenovo\.m2\repository\commons-codec\commons-codec\1.15\commons-codec-1.15.jar;C:\Users\lenovo\.m2\repository\org\elasticsearch\plugin\mapper-extras-client\7.15.2\mapper-extras-client-7.15.2.jar;C:\Users\lenovo\.m2\repository\org\elasticsearch\plugin\parent-join-client\7.15.2\parent-join-client-7.15.2.jar;C:\Users\lenovo\.m2\repository\org\elasticsearch\plugin\aggs-matrix-stats-client\7.15.2\aggs-matrix-stats-client-7.15.2.jar;C:\Users\lenovo\.m2\repository\org\elasticsearch\plugin\rank-eval-client\7.15.2\rank-eval-client-7.15.2.jar;C:\Users\lenovo\.m2\repository\org\elasticsearch\plugin\lang-mustache-client\7.15.2\lang-mustache-client-7.15.2.jar;C:\Users\lenovo\.m2\repository\com\github\spullara\mustache\java\compiler\0.9.6\compiler-0.9.6.jar;C:\Users\lenovo\.m2\repository\org\springframework\boot\spring-boot-starter-data-redis\2.6.2\spring-boot-starter-data-redis-2.6.2.jar;C:\Users\lenovo\.m2\repository\org\springframework\data\spring-data-redis\2.6.0\spring-data-redis-2.6.0.jar;C:\Users\lenovo\.m2\repository\org\springframework\data\spring-data-keyvalue\2.6.0\spring-data-keyvalue-2.6.0.jar;C:\Users\lenovo\.m2\repository\org\springframework\data\spring-data-commons\2.6.0\spring-data-commons-2.6.0.jar;C:\Users\lenovo\.m2\repository\org\springframework\spring-tx\5.3.14\spring-tx-5.3.14.jar;C:\Users\lenovo\.m2\repository\org\springframework\spring-oxm\5.3.14\spring-oxm-5.3.14.jar;C:\Users\lenovo\.m2\repository\io\lettuce\lettuce-core\6.1.5.RELEASE\lettuce-core-6.1.5.RELEASE.jar;C:\Users\lenovo\.m2\repository\io\netty\netty-common\4.1.72.Final\netty-common-4.1.72.Final.jar;C:\Users\lenovo\.m2\repository\io\netty\netty-handler\4.1.72.Final\netty-handler-4.1.72.Final.jar;C:\Users\lenovo\.m2\repository\io\netty\netty-resolver\4.1.72.Final\netty-resolver-4.1.72.Final.jar;C:\Users\lenovo\.m2\repository\io\netty\netty-buffer\4.1.72.Final\netty-buffer-4.1.72.Final.jar;C:\Users\lenovo\.m2\repository\io\netty\netty-codec\4.1.72.Final\netty-codec-4.1.72.Final.jar;C:\Users\lenovo\.m2\repository\io\netty\netty-tcnative-classes\2.0.46.Final\netty-tcnative-classes-2.0.46.Final.jar;C:\Users\lenovo\.m2\repository\io\netty\netty-transport\4.1.72.Final\netty-transport-4.1.72.Final.jar;C:\Users\lenovo\.m2\repository\io\projectreactor\reactor-core\3.4.13\reactor-core-3.4.13.jar;C:\Users\lenovo\.m2\repository\org\reactivestreams\reactive-streams\1.0.3\reactive-streams-1.0.3.jar;C:\Users\lenovo\.m2\repository\com\alibaba\fastjson\2.0.1\fastjson-2.0.1.jar;C:\Users\lenovo\.m2\repository\com\alibaba\fastjson2\fastjson2-extension\2.0.1\fastjson2-extension-2.0.1.jar;C:\Users\lenovo\.m2\repository\com\alibaba\fastjson2\fastjson2\2.0.1\fastjson2-2.0.1.jar;"/>
>>>>>>> hui
    <property name="java.vm.vendor" value="Oracle Corporation"/>
    <property name="sun.arch.data.model" value="64"/>
    <property name="user.variant" value=""/>
    <property name="java.vendor.url" value="https://java.oracle.com/"/>
    <property name="user.timezone" value="Asia/Shanghai"/>
<<<<<<< HEAD
    <property name="os.name" value="Windows 10"/>
    <property name="java.vm.specification.version" value="17"/>
    <property name="sun.java.launcher" value="SUN_STANDARD"/>
    <property name="user.country" value="CN"/>
    <property name="sun.boot.library.path" value="D:\Java\jdk-17\bin"/>
    <property name="sun.java.command" value="C:\Users\ADMINI~1\AppData\Local\Temp\surefire1318616945936788028\surefirebooter6313929634387529271.jar C:\Users\Administrator\AppData\Local\Temp\surefire1318616945936788028 2024-12-22T20-07-44_921-jvmRun1 surefire7854991518657337797tmp surefire_03021622898168249813tmp"/>
    <property name="jdk.debug" value="release"/>
    <property name="surefire.test.class.path" value="D:\Work5\A_Project\ruanfen\academic\target\test-classes;D:\Work5\A_Project\ruanfen\academic\target\classes;D:\Maven\apache-maven-3.8.8\repo\org\springframework\boot\spring-boot-starter-web\2.6.2\spring-boot-starter-web-2.6.2.jar;D:\Maven\apache-maven-3.8.8\repo\org\springframework\boot\spring-boot-starter\2.6.2\spring-boot-starter-2.6.2.jar;D:\Maven\apache-maven-3.8.8\repo\org\springframework\boot\spring-boot\2.6.2\spring-boot-2.6.2.jar;D:\Maven\apache-maven-3.8.8\repo\org\springframework\boot\spring-boot-starter-logging\2.6.2\spring-boot-starter-logging-2.6.2.jar;D:\Maven\apache-maven-3.8.8\repo\ch\qos\logback\logback-classic\1.2.9\logback-classic-1.2.9.jar;D:\Maven\apache-maven-3.8.8\repo\ch\qos\logback\logback-core\1.2.9\logback-core-1.2.9.jar;D:\Maven\apache-maven-3.8.8\repo\org\apache\logging\log4j\log4j-to-slf4j\2.17.0\log4j-to-slf4j-2.17.0.jar;D:\Maven\apache-maven-3.8.8\repo\org\slf4j\jul-to-slf4j\1.7.32\jul-to-slf4j-1.7.32.jar;D:\Maven\apache-maven-3.8.8\repo\jakarta\annotation\jakarta.annotation-api\1.3.5\jakarta.annotation-api-1.3.5.jar;D:\Maven\apache-maven-3.8.8\repo\org\yaml\snakeyaml\1.29\snakeyaml-1.29.jar;D:\Maven\apache-maven-3.8.8\repo\org\springframework\boot\spring-boot-starter-json\2.6.2\spring-boot-starter-json-2.6.2.jar;D:\Maven\apache-maven-3.8.8\repo\com\fasterxml\jackson\datatype\jackson-datatype-jdk8\2.13.1\jackson-datatype-jdk8-2.13.1.jar;D:\Maven\apache-maven-3.8.8\repo\com\fasterxml\jackson\datatype\jackson-datatype-jsr310\2.13.1\jackson-datatype-jsr310-2.13.1.jar;D:\Maven\apache-maven-3.8.8\repo\com\fasterxml\jackson\module\jackson-module-parameter-names\2.13.1\jackson-module-parameter-names-2.13.1.jar;D:\Maven\apache-maven-3.8.8\repo\org\springframework\boot\spring-boot-starter-tomcat\2.6.2\spring-boot-starter-tomcat-2.6.2.jar;D:\Maven\apache-maven-3.8.8\repo\org\apache\tomcat\embed\tomcat-embed-core\9.0.56\tomcat-embed-core-9.0.56.jar;D:\Maven\apache-maven-3.8.8\repo\org\apache\tomcat\embed\tomcat-embed-websocket\9.0.56\tomcat-embed-websocket-9.0.56.jar;D:\Maven\apache-maven-3.8.8\repo\org\springframework\spring-web\5.3.14\spring-web-5.3.14.jar;D:\Maven\apache-maven-3.8.8\repo\org\springframework\spring-beans\5.3.14\spring-beans-5.3.14.jar;D:\Maven\apache-maven-3.8.8\repo\org\springframework\spring-webmvc\5.3.14\spring-webmvc-5.3.14.jar;D:\Maven\apache-maven-3.8.8\repo\org\springframework\spring-aop\5.3.14\spring-aop-5.3.14.jar;D:\Maven\apache-maven-3.8.8\repo\org\springframework\spring-context\5.3.14\spring-context-5.3.14.jar;D:\Maven\apache-maven-3.8.8\repo\org\springframework\spring-expression\5.3.14\spring-expression-5.3.14.jar;D:\Maven\apache-maven-3.8.8\repo\com\baomidou\mybatis-plus-boot-starter\3.4.2\mybatis-plus-boot-starter-3.4.2.jar;D:\Maven\apache-maven-3.8.8\repo\com\baomidou\mybatis-plus\3.4.2\mybatis-plus-3.4.2.jar;D:\Maven\apache-maven-3.8.8\repo\com\baomidou\mybatis-plus-extension\3.4.2\mybatis-plus-extension-3.4.2.jar;D:\Maven\apache-maven-3.8.8\repo\com\baomidou\mybatis-plus-core\3.4.2\mybatis-plus-core-3.4.2.jar;D:\Maven\apache-maven-3.8.8\repo\com\baomidou\mybatis-plus-annotation\3.4.2\mybatis-plus-annotation-3.4.2.jar;D:\Maven\apache-maven-3.8.8\repo\com\github\jsqlparser\jsqlparser\4.0\jsqlparser-4.0.jar;D:\Maven\apache-maven-3.8.8\repo\org\mybatis\mybatis\3.5.6\mybatis-3.5.6.jar;D:\Maven\apache-maven-3.8.8\repo\org\mybatis\mybatis-spring\2.0.5\mybatis-spring-2.0.5.jar;D:\Maven\apache-maven-3.8.8\repo\org\springframework\boot\spring-boot-autoconfigure\2.6.2\spring-boot-autoconfigure-2.6.2.jar;D:\Maven\apache-maven-3.8.8\repo\org\springframework\boot\spring-boot-starter-jdbc\2.6.2\spring-boot-starter-jdbc-2.6.2.jar;D:\Maven\apache-maven-3.8.8\repo\com\zaxxer\HikariCP\4.0.3\HikariCP-4.0.3.jar;D:\Maven\apache-maven-3.8.8\repo\org\springframework\spring-jdbc\5.3.14\spring-jdbc-5.3.14.jar;D:\Maven\apache-maven-3.8.8\repo\mysql\mysql-connector-java\8.0.27\mysql-connector-java-8.0.27.jar;D:\Maven\apache-maven-3.8.8\repo\org\projectlombok\lombok\1.18.22\lombok-1.18.22.jar;D:\Maven\apache-maven-3.8.8\repo\org\springframework\boot\spring-boot-starter-validation\2.6.2\spring-boot-starter-validation-2.6.2.jar;D:\Maven\apache-maven-3.8.8\repo\org\apache\tomcat\embed\tomcat-embed-el\9.0.56\tomcat-embed-el-9.0.56.jar;D:\Maven\apache-maven-3.8.8\repo\org\hibernate\validator\hibernate-validator\6.2.0.Final\hibernate-validator-6.2.0.Final.jar;D:\Maven\apache-maven-3.8.8\repo\jakarta\validation\jakarta.validation-api\2.0.2\jakarta.validation-api-2.0.2.jar;D:\Maven\apache-maven-3.8.8\repo\org\jboss\logging\jboss-logging\3.4.2.Final\jboss-logging-3.4.2.Final.jar;D:\Maven\apache-maven-3.8.8\repo\com\fasterxml\classmate\1.5.1\classmate-1.5.1.jar;D:\Maven\apache-maven-3.8.8\repo\com\auth0\java-jwt\4.4.0\java-jwt-4.4.0.jar;D:\Maven\apache-maven-3.8.8\repo\com\fasterxml\jackson\core\jackson-databind\2.13.1\jackson-databind-2.13.1.jar;D:\Maven\apache-maven-3.8.8\repo\com\fasterxml\jackson\core\jackson-annotations\2.13.1\jackson-annotations-2.13.1.jar;D:\Maven\apache-maven-3.8.8\repo\com\fasterxml\jackson\core\jackson-core\2.13.1\jackson-core-2.13.1.jar;D:\Maven\apache-maven-3.8.8\repo\org\springframework\boot\spring-boot-starter-test\2.6.2\spring-boot-starter-test-2.6.2.jar;D:\Maven\apache-maven-3.8.8\repo\org\springframework\boot\spring-boot-test\2.6.2\spring-boot-test-2.6.2.jar;D:\Maven\apache-maven-3.8.8\repo\org\springframework\boot\spring-boot-test-autoconfigure\2.6.2\spring-boot-test-autoconfigure-2.6.2.jar;D:\Maven\apache-maven-3.8.8\repo\com\jayway\jsonpath\json-path\2.6.0\json-path-2.6.0.jar;D:\Maven\apache-maven-3.8.8\repo\net\minidev\json-smart\2.4.7\json-smart-2.4.7.jar;D:\Maven\apache-maven-3.8.8\repo\net\minidev\accessors-smart\2.4.7\accessors-smart-2.4.7.jar;D:\Maven\apache-maven-3.8.8\repo\org\ow2\asm\asm\9.1\asm-9.1.jar;D:\Maven\apache-maven-3.8.8\repo\org\slf4j\slf4j-api\1.7.32\slf4j-api-1.7.32.jar;D:\Maven\apache-maven-3.8.8\repo\jakarta\xml\bind\jakarta.xml.bind-api\2.3.3\jakarta.xml.bind-api-2.3.3.jar;D:\Maven\apache-maven-3.8.8\repo\jakarta\activation\jakarta.activation-api\1.2.2\jakarta.activation-api-1.2.2.jar;D:\Maven\apache-maven-3.8.8\repo\org\assertj\assertj-core\3.21.0\assertj-core-3.21.0.jar;D:\Maven\apache-maven-3.8.8\repo\org\hamcrest\hamcrest\2.2\hamcrest-2.2.jar;D:\Maven\apache-maven-3.8.8\repo\org\junit\jupiter\junit-jupiter\5.8.2\junit-jupiter-5.8.2.jar;D:\Maven\apache-maven-3.8.8\repo\org\junit\jupiter\junit-jupiter-api\5.8.2\junit-jupiter-api-5.8.2.jar;D:\Maven\apache-maven-3.8.8\repo\org\opentest4j\opentest4j\1.2.0\opentest4j-1.2.0.jar;D:\Maven\apache-maven-3.8.8\repo\org\junit\platform\junit-platform-commons\1.8.2\junit-platform-commons-1.8.2.jar;D:\Maven\apache-maven-3.8.8\repo\org\apiguardian\apiguardian-api\1.1.2\apiguardian-api-1.1.2.jar;D:\Maven\apache-maven-3.8.8\repo\org\junit\jupiter\junit-jupiter-params\5.8.2\junit-jupiter-params-5.8.2.jar;D:\Maven\apache-maven-3.8.8\repo\org\junit\jupiter\junit-jupiter-engine\5.8.2\junit-jupiter-engine-5.8.2.jar;D:\Maven\apache-maven-3.8.8\repo\org\junit\platform\junit-platform-engine\1.8.2\junit-platform-engine-1.8.2.jar;D:\Maven\apache-maven-3.8.8\repo\org\mockito\mockito-core\4.0.0\mockito-core-4.0.0.jar;D:\Maven\apache-maven-3.8.8\repo\net\bytebuddy\byte-buddy\1.11.22\byte-buddy-1.11.22.jar;D:\Maven\apache-maven-3.8.8\repo\net\bytebuddy\byte-buddy-agent\1.11.22\byte-buddy-agent-1.11.22.jar;D:\Maven\apache-maven-3.8.8\repo\org\objenesis\objenesis\3.2\objenesis-3.2.jar;D:\Maven\apache-maven-3.8.8\repo\org\mockito\mockito-junit-jupiter\4.0.0\mockito-junit-jupiter-4.0.0.jar;D:\Maven\apache-maven-3.8.8\repo\org\skyscreamer\jsonassert\1.5.0\jsonassert-1.5.0.jar;D:\Maven\apache-maven-3.8.8\repo\com\vaadin\external\google\android-json\0.0.20131108.vaadin1\android-json-0.0.20131108.vaadin1.jar;D:\Maven\apache-maven-3.8.8\repo\org\springframework\spring-core\5.3.14\spring-core-5.3.14.jar;D:\Maven\apache-maven-3.8.8\repo\org\springframework\spring-jcl\5.3.14\spring-jcl-5.3.14.jar;D:\Maven\apache-maven-3.8.8\repo\org\springframework\spring-test\5.3.14\spring-test-5.3.14.jar;D:\Maven\apache-maven-3.8.8\repo\org\xmlunit\xmlunit-core\2.8.4\xmlunit-core-2.8.4.jar;D:\Maven\apache-maven-3.8.8\repo\org\springframework\boot\spring-boot-starter-mail\2.6.2\spring-boot-starter-mail-2.6.2.jar;D:\Maven\apache-maven-3.8.8\repo\org\springframework\spring-context-support\5.3.14\spring-context-support-5.3.14.jar;D:\Maven\apache-maven-3.8.8\repo\com\sun\mail\jakarta.mail\1.6.7\jakarta.mail-1.6.7.jar;D:\Maven\apache-maven-3.8.8\repo\com\sun\activation\jakarta.activation\1.2.2\jakarta.activation-1.2.2.jar;D:\Maven\apache-maven-3.8.8\repo\org\elasticsearch\client\elasticsearch-rest-high-level-client\7.15.2\elasticsearch-rest-high-level-client-7.15.2.jar;D:\Maven\apache-maven-3.8.8\repo\org\elasticsearch\elasticsearch\7.15.2\elasticsearch-7.15.2.jar;D:\Maven\apache-maven-3.8.8\repo\org\elasticsearch\elasticsearch-core\7.15.2\elasticsearch-core-7.15.2.jar;D:\Maven\apache-maven-3.8.8\repo\org\elasticsearch\elasticsearch-secure-sm\7.15.2\elasticsearch-secure-sm-7.15.2.jar;D:\Maven\apache-maven-3.8.8\repo\org\elasticsearch\elasticsearch-x-content\7.15.2\elasticsearch-x-content-7.15.2.jar;D:\Maven\apache-maven-3.8.8\repo\com\fasterxml\jackson\dataformat\jackson-dataformat-smile\2.13.1\jackson-dataformat-smile-2.13.1.jar;D:\Maven\apache-maven-3.8.8\repo\com\fasterxml\jackson\dataformat\jackson-dataformat-yaml\2.13.1\jackson-dataformat-yaml-2.13.1.jar;D:\Maven\apache-maven-3.8.8\repo\com\fasterxml\jackson\dataformat\jackson-dataformat-cbor\2.13.1\jackson-dataformat-cbor-2.13.1.jar;D:\Maven\apache-maven-3.8.8\repo\org\elasticsearch\elasticsearch-geo\7.15.2\elasticsearch-geo-7.15.2.jar;D:\Maven\apache-maven-3.8.8\repo\org\apache\lucene\lucene-core\8.9.0\lucene-core-8.9.0.jar;D:\Maven\apache-maven-3.8.8\repo\org\apache\lucene\lucene-analyzers-common\8.9.0\lucene-analyzers-common-8.9.0.jar;D:\Maven\apache-maven-3.8.8\repo\org\apache\lucene\lucene-backward-codecs\8.9.0\lucene-backward-codecs-8.9.0.jar;D:\Maven\apache-maven-3.8.8\repo\org\apache\lucene\lucene-grouping\8.9.0\lucene-grouping-8.9.0.jar;D:\Maven\apache-maven-3.8.8\repo\org\apache\lucene\lucene-highlighter\8.9.0\lucene-highlighter-8.9.0.jar;D:\Maven\apache-maven-3.8.8\repo\org\apache\lucene\lucene-join\8.9.0\lucene-join-8.9.0.jar;D:\Maven\apache-maven-3.8.8\repo\org\apache\lucene\lucene-memory\8.9.0\lucene-memory-8.9.0.jar;D:\Maven\apache-maven-3.8.8\repo\org\apache\lucene\lucene-misc\8.9.0\lucene-misc-8.9.0.jar;D:\Maven\apache-maven-3.8.8\repo\org\apache\lucene\lucene-queries\8.9.0\lucene-queries-8.9.0.jar;D:\Maven\apache-maven-3.8.8\repo\org\apache\lucene\lucene-queryparser\8.9.0\lucene-queryparser-8.9.0.jar;D:\Maven\apache-maven-3.8.8\repo\org\apache\lucene\lucene-sandbox\8.9.0\lucene-sandbox-8.9.0.jar;D:\Maven\apache-maven-3.8.8\repo\org\apache\lucene\lucene-spatial-extras\8.9.0\lucene-spatial-extras-8.9.0.jar;D:\Maven\apache-maven-3.8.8\repo\org\apache\lucene\lucene-spatial3d\8.9.0\lucene-spatial3d-8.9.0.jar;D:\Maven\apache-maven-3.8.8\repo\org\apache\lucene\lucene-suggest\8.9.0\lucene-suggest-8.9.0.jar;D:\Maven\apache-maven-3.8.8\repo\org\elasticsearch\elasticsearch-cli\7.15.2\elasticsearch-cli-7.15.2.jar;D:\Maven\apache-maven-3.8.8\repo\net\sf\jopt-simple\jopt-simple\5.0.2\jopt-simple-5.0.2.jar;D:\Maven\apache-maven-3.8.8\repo\com\carrotsearch\hppc\0.8.1\hppc-0.8.1.jar;D:\Maven\apache-maven-3.8.8\repo\org\lz4\lz4-java\1.8.0\lz4-java-1.8.0.jar;D:\Maven\apache-maven-3.8.8\repo\joda-time\joda-time\2.10.10\joda-time-2.10.10.jar;D:\Maven\apache-maven-3.8.8\repo\com\tdunning\t-digest\3.2\t-digest-3.2.jar;D:\Maven\apache-maven-3.8.8\repo\org\hdrhistogram\HdrHistogram\2.1.9\HdrHistogram-2.1.9.jar;D:\Maven\apache-maven-3.8.8\repo\org\apache\logging\log4j\log4j-api\2.17.0\log4j-api-2.17.0.jar;D:\Maven\apache-maven-3.8.8\repo\org\elasticsearch\jna\5.7.0-1\jna-5.7.0-1.jar;D:\Maven\apache-maven-3.8.8\repo\org\elasticsearch\elasticsearch-plugin-classloader\7.15.2\elasticsearch-plugin-classloader-7.15.2.jar;D:\Maven\apache-maven-3.8.8\repo\org\elasticsearch\client\elasticsearch-rest-client\7.15.2\elasticsearch-rest-client-7.15.2.jar;D:\Maven\apache-maven-3.8.8\repo\org\apache\httpcomponents\httpclient\4.5.13\httpclient-4.5.13.jar;D:\Maven\apache-maven-3.8.8\repo\org\apache\httpcomponents\httpcore\4.4.15\httpcore-4.4.15.jar;D:\Maven\apache-maven-3.8.8\repo\org\apache\httpcomponents\httpasyncclient\4.1.5\httpasyncclient-4.1.5.jar;D:\Maven\apache-maven-3.8.8\repo\org\apache\httpcomponents\httpcore-nio\4.4.15\httpcore-nio-4.4.15.jar;D:\Maven\apache-maven-3.8.8\repo\commons-codec\commons-codec\1.15\commons-codec-1.15.jar;D:\Maven\apache-maven-3.8.8\repo\org\elasticsearch\plugin\mapper-extras-client\7.15.2\mapper-extras-client-7.15.2.jar;D:\Maven\apache-maven-3.8.8\repo\org\elasticsearch\plugin\parent-join-client\7.15.2\parent-join-client-7.15.2.jar;D:\Maven\apache-maven-3.8.8\repo\org\elasticsearch\plugin\aggs-matrix-stats-client\7.15.2\aggs-matrix-stats-client-7.15.2.jar;D:\Maven\apache-maven-3.8.8\repo\org\elasticsearch\plugin\rank-eval-client\7.15.2\rank-eval-client-7.15.2.jar;D:\Maven\apache-maven-3.8.8\repo\org\elasticsearch\plugin\lang-mustache-client\7.15.2\lang-mustache-client-7.15.2.jar;D:\Maven\apache-maven-3.8.8\repo\com\github\spullara\mustache\java\compiler\0.9.6\compiler-0.9.6.jar;D:\Maven\apache-maven-3.8.8\repo\org\springframework\boot\spring-boot-starter-data-redis\2.6.2\spring-boot-starter-data-redis-2.6.2.jar;D:\Maven\apache-maven-3.8.8\repo\org\springframework\data\spring-data-redis\2.6.0\spring-data-redis-2.6.0.jar;D:\Maven\apache-maven-3.8.8\repo\org\springframework\data\spring-data-keyvalue\2.6.0\spring-data-keyvalue-2.6.0.jar;D:\Maven\apache-maven-3.8.8\repo\org\springframework\data\spring-data-commons\2.6.0\spring-data-commons-2.6.0.jar;D:\Maven\apache-maven-3.8.8\repo\org\springframework\spring-tx\5.3.14\spring-tx-5.3.14.jar;D:\Maven\apache-maven-3.8.8\repo\org\springframework\spring-oxm\5.3.14\spring-oxm-5.3.14.jar;D:\Maven\apache-maven-3.8.8\repo\io\lettuce\lettuce-core\6.1.5.RELEASE\lettuce-core-6.1.5.RELEASE.jar;D:\Maven\apache-maven-3.8.8\repo\io\netty\netty-common\4.1.72.Final\netty-common-4.1.72.Final.jar;D:\Maven\apache-maven-3.8.8\repo\io\netty\netty-handler\4.1.72.Final\netty-handler-4.1.72.Final.jar;D:\Maven\apache-maven-3.8.8\repo\io\netty\netty-resolver\4.1.72.Final\netty-resolver-4.1.72.Final.jar;D:\Maven\apache-maven-3.8.8\repo\io\netty\netty-buffer\4.1.72.Final\netty-buffer-4.1.72.Final.jar;D:\Maven\apache-maven-3.8.8\repo\io\netty\netty-codec\4.1.72.Final\netty-codec-4.1.72.Final.jar;D:\Maven\apache-maven-3.8.8\repo\io\netty\netty-tcnative-classes\2.0.46.Final\netty-tcnative-classes-2.0.46.Final.jar;D:\Maven\apache-maven-3.8.8\repo\io\netty\netty-transport\4.1.72.Final\netty-transport-4.1.72.Final.jar;D:\Maven\apache-maven-3.8.8\repo\io\projectreactor\reactor-core\3.4.13\reactor-core-3.4.13.jar;D:\Maven\apache-maven-3.8.8\repo\org\reactivestreams\reactive-streams\1.0.3\reactive-streams-1.0.3.jar;D:\Maven\apache-maven-3.8.8\repo\com\alibaba\fastjson\2.0.1\fastjson-2.0.1.jar;D:\Maven\apache-maven-3.8.8\repo\com\alibaba\fastjson2\fastjson2-extension\2.0.1\fastjson2-extension-2.0.1.jar;D:\Maven\apache-maven-3.8.8\repo\com\alibaba\fastjson2\fastjson2\2.0.1\fastjson2-2.0.1.jar;"/>
    <property name="sun.cpu.endian" value="little"/>
    <property name="user.home" value="C:\Users\Administrator"/>
    <property name="user.language" value="zh"/>
    <property name="java.specification.vendor" value="Oracle Corporation"/>
    <property name="java.version.date" value="2024-01-16"/>
    <property name="java.home" value="D:\Java\jdk-17"/>
    <property name="file.separator" value="\"/>
    <property name="basedir" value="D:\Work5\A_Project\ruanfen\academic"/>
=======
    <property name="os.name" value="Windows 11"/>
    <property name="java.vm.specification.version" value="17"/>
    <property name="sun.java.launcher" value="SUN_STANDARD"/>
    <property name="user.country" value="CN"/>
    <property name="sun.boot.library.path" value="C:\Program Files\Java\jdk-17\bin"/>
    <property name="sun.java.command" value="C:\Users\lenovo\AppData\Local\Temp\surefire16732666649850368891\surefirebooter851989798505948297.jar C:\Users\lenovo\AppData\Local\Temp\surefire16732666649850368891 2024-12-21T16-48-43_129-jvmRun1 surefire12849562461704893059tmp surefire_014521032460612790721tmp"/>
    <property name="jdk.debug" value="release"/>
    <property name="surefire.test.class.path" value="C:\Users\lenovo\Desktop\ruanfen-back\target\test-classes;C:\Users\lenovo\Desktop\ruanfen-back\target\classes;C:\Users\lenovo\.m2\repository\org\springframework\boot\spring-boot-starter-web\2.6.2\spring-boot-starter-web-2.6.2.jar;C:\Users\lenovo\.m2\repository\org\springframework\boot\spring-boot-starter\2.6.2\spring-boot-starter-2.6.2.jar;C:\Users\lenovo\.m2\repository\org\springframework\boot\spring-boot\2.6.2\spring-boot-2.6.2.jar;C:\Users\lenovo\.m2\repository\org\springframework\boot\spring-boot-starter-logging\2.6.2\spring-boot-starter-logging-2.6.2.jar;C:\Users\lenovo\.m2\repository\ch\qos\logback\logback-classic\1.2.9\logback-classic-1.2.9.jar;C:\Users\lenovo\.m2\repository\ch\qos\logback\logback-core\1.2.9\logback-core-1.2.9.jar;C:\Users\lenovo\.m2\repository\org\apache\logging\log4j\log4j-to-slf4j\2.17.0\log4j-to-slf4j-2.17.0.jar;C:\Users\lenovo\.m2\repository\org\slf4j\jul-to-slf4j\1.7.32\jul-to-slf4j-1.7.32.jar;C:\Users\lenovo\.m2\repository\jakarta\annotation\jakarta.annotation-api\1.3.5\jakarta.annotation-api-1.3.5.jar;C:\Users\lenovo\.m2\repository\org\yaml\snakeyaml\1.29\snakeyaml-1.29.jar;C:\Users\lenovo\.m2\repository\org\springframework\boot\spring-boot-starter-json\2.6.2\spring-boot-starter-json-2.6.2.jar;C:\Users\lenovo\.m2\repository\com\fasterxml\jackson\datatype\jackson-datatype-jdk8\2.13.1\jackson-datatype-jdk8-2.13.1.jar;C:\Users\lenovo\.m2\repository\com\fasterxml\jackson\datatype\jackson-datatype-jsr310\2.13.1\jackson-datatype-jsr310-2.13.1.jar;C:\Users\lenovo\.m2\repository\com\fasterxml\jackson\module\jackson-module-parameter-names\2.13.1\jackson-module-parameter-names-2.13.1.jar;C:\Users\lenovo\.m2\repository\org\springframework\boot\spring-boot-starter-tomcat\2.6.2\spring-boot-starter-tomcat-2.6.2.jar;C:\Users\lenovo\.m2\repository\org\apache\tomcat\embed\tomcat-embed-core\9.0.56\tomcat-embed-core-9.0.56.jar;C:\Users\lenovo\.m2\repository\org\apache\tomcat\embed\tomcat-embed-websocket\9.0.56\tomcat-embed-websocket-9.0.56.jar;C:\Users\lenovo\.m2\repository\org\springframework\spring-web\5.3.14\spring-web-5.3.14.jar;C:\Users\lenovo\.m2\repository\org\springframework\spring-beans\5.3.14\spring-beans-5.3.14.jar;C:\Users\lenovo\.m2\repository\org\springframework\spring-webmvc\5.3.14\spring-webmvc-5.3.14.jar;C:\Users\lenovo\.m2\repository\org\springframework\spring-aop\5.3.14\spring-aop-5.3.14.jar;C:\Users\lenovo\.m2\repository\org\springframework\spring-context\5.3.14\spring-context-5.3.14.jar;C:\Users\lenovo\.m2\repository\org\springframework\spring-expression\5.3.14\spring-expression-5.3.14.jar;C:\Users\lenovo\.m2\repository\com\baomidou\mybatis-plus-boot-starter\3.4.2\mybatis-plus-boot-starter-3.4.2.jar;C:\Users\lenovo\.m2\repository\com\baomidou\mybatis-plus\3.4.2\mybatis-plus-3.4.2.jar;C:\Users\lenovo\.m2\repository\com\baomidou\mybatis-plus-extension\3.4.2\mybatis-plus-extension-3.4.2.jar;C:\Users\lenovo\.m2\repository\com\baomidou\mybatis-plus-core\3.4.2\mybatis-plus-core-3.4.2.jar;C:\Users\lenovo\.m2\repository\com\baomidou\mybatis-plus-annotation\3.4.2\mybatis-plus-annotation-3.4.2.jar;C:\Users\lenovo\.m2\repository\com\github\jsqlparser\jsqlparser\4.0\jsqlparser-4.0.jar;C:\Users\lenovo\.m2\repository\org\mybatis\mybatis\3.5.6\mybatis-3.5.6.jar;C:\Users\lenovo\.m2\repository\org\mybatis\mybatis-spring\2.0.5\mybatis-spring-2.0.5.jar;C:\Users\lenovo\.m2\repository\org\springframework\boot\spring-boot-autoconfigure\2.6.2\spring-boot-autoconfigure-2.6.2.jar;C:\Users\lenovo\.m2\repository\org\springframework\boot\spring-boot-starter-jdbc\2.6.2\spring-boot-starter-jdbc-2.6.2.jar;C:\Users\lenovo\.m2\repository\com\zaxxer\HikariCP\4.0.3\HikariCP-4.0.3.jar;C:\Users\lenovo\.m2\repository\org\springframework\spring-jdbc\5.3.14\spring-jdbc-5.3.14.jar;C:\Users\lenovo\.m2\repository\mysql\mysql-connector-java\8.0.27\mysql-connector-java-8.0.27.jar;C:\Users\lenovo\.m2\repository\org\projectlombok\lombok\1.18.22\lombok-1.18.22.jar;C:\Users\lenovo\.m2\repository\org\springframework\boot\spring-boot-starter-validation\2.6.2\spring-boot-starter-validation-2.6.2.jar;C:\Users\lenovo\.m2\repository\org\apache\tomcat\embed\tomcat-embed-el\9.0.56\tomcat-embed-el-9.0.56.jar;C:\Users\lenovo\.m2\repository\org\hibernate\validator\hibernate-validator\6.2.0.Final\hibernate-validator-6.2.0.Final.jar;C:\Users\lenovo\.m2\repository\jakarta\validation\jakarta.validation-api\2.0.2\jakarta.validation-api-2.0.2.jar;C:\Users\lenovo\.m2\repository\org\jboss\logging\jboss-logging\3.4.2.Final\jboss-logging-3.4.2.Final.jar;C:\Users\lenovo\.m2\repository\com\fasterxml\classmate\1.5.1\classmate-1.5.1.jar;C:\Users\lenovo\.m2\repository\com\auth0\java-jwt\4.4.0\java-jwt-4.4.0.jar;C:\Users\lenovo\.m2\repository\com\fasterxml\jackson\core\jackson-databind\2.13.1\jackson-databind-2.13.1.jar;C:\Users\lenovo\.m2\repository\com\fasterxml\jackson\core\jackson-annotations\2.13.1\jackson-annotations-2.13.1.jar;C:\Users\lenovo\.m2\repository\com\fasterxml\jackson\core\jackson-core\2.13.1\jackson-core-2.13.1.jar;C:\Users\lenovo\.m2\repository\org\springframework\boot\spring-boot-starter-test\2.6.2\spring-boot-starter-test-2.6.2.jar;C:\Users\lenovo\.m2\repository\org\springframework\boot\spring-boot-test\2.6.2\spring-boot-test-2.6.2.jar;C:\Users\lenovo\.m2\repository\org\springframework\boot\spring-boot-test-autoconfigure\2.6.2\spring-boot-test-autoconfigure-2.6.2.jar;C:\Users\lenovo\.m2\repository\com\jayway\jsonpath\json-path\2.6.0\json-path-2.6.0.jar;C:\Users\lenovo\.m2\repository\net\minidev\json-smart\2.4.7\json-smart-2.4.7.jar;C:\Users\lenovo\.m2\repository\net\minidev\accessors-smart\2.4.7\accessors-smart-2.4.7.jar;C:\Users\lenovo\.m2\repository\org\ow2\asm\asm\9.1\asm-9.1.jar;C:\Users\lenovo\.m2\repository\org\slf4j\slf4j-api\1.7.32\slf4j-api-1.7.32.jar;C:\Users\lenovo\.m2\repository\jakarta\xml\bind\jakarta.xml.bind-api\2.3.3\jakarta.xml.bind-api-2.3.3.jar;C:\Users\lenovo\.m2\repository\jakarta\activation\jakarta.activation-api\1.2.2\jakarta.activation-api-1.2.2.jar;C:\Users\lenovo\.m2\repository\org\assertj\assertj-core\3.21.0\assertj-core-3.21.0.jar;C:\Users\lenovo\.m2\repository\org\hamcrest\hamcrest\2.2\hamcrest-2.2.jar;C:\Users\lenovo\.m2\repository\org\junit\jupiter\junit-jupiter\5.8.2\junit-jupiter-5.8.2.jar;C:\Users\lenovo\.m2\repository\org\junit\jupiter\junit-jupiter-api\5.8.2\junit-jupiter-api-5.8.2.jar;C:\Users\lenovo\.m2\repository\org\opentest4j\opentest4j\1.2.0\opentest4j-1.2.0.jar;C:\Users\lenovo\.m2\repository\org\junit\platform\junit-platform-commons\1.8.2\junit-platform-commons-1.8.2.jar;C:\Users\lenovo\.m2\repository\org\apiguardian\apiguardian-api\1.1.2\apiguardian-api-1.1.2.jar;C:\Users\lenovo\.m2\repository\org\junit\jupiter\junit-jupiter-params\5.8.2\junit-jupiter-params-5.8.2.jar;C:\Users\lenovo\.m2\repository\org\junit\jupiter\junit-jupiter-engine\5.8.2\junit-jupiter-engine-5.8.2.jar;C:\Users\lenovo\.m2\repository\org\junit\platform\junit-platform-engine\1.8.2\junit-platform-engine-1.8.2.jar;C:\Users\lenovo\.m2\repository\org\mockito\mockito-core\4.0.0\mockito-core-4.0.0.jar;C:\Users\lenovo\.m2\repository\net\bytebuddy\byte-buddy\1.11.22\byte-buddy-1.11.22.jar;C:\Users\lenovo\.m2\repository\net\bytebuddy\byte-buddy-agent\1.11.22\byte-buddy-agent-1.11.22.jar;C:\Users\lenovo\.m2\repository\org\objenesis\objenesis\3.2\objenesis-3.2.jar;C:\Users\lenovo\.m2\repository\org\mockito\mockito-junit-jupiter\4.0.0\mockito-junit-jupiter-4.0.0.jar;C:\Users\lenovo\.m2\repository\org\skyscreamer\jsonassert\1.5.0\jsonassert-1.5.0.jar;C:\Users\lenovo\.m2\repository\com\vaadin\external\google\android-json\0.0.20131108.vaadin1\android-json-0.0.20131108.vaadin1.jar;C:\Users\lenovo\.m2\repository\org\springframework\spring-core\5.3.14\spring-core-5.3.14.jar;C:\Users\lenovo\.m2\repository\org\springframework\spring-jcl\5.3.14\spring-jcl-5.3.14.jar;C:\Users\lenovo\.m2\repository\org\springframework\spring-test\5.3.14\spring-test-5.3.14.jar;C:\Users\lenovo\.m2\repository\org\xmlunit\xmlunit-core\2.8.4\xmlunit-core-2.8.4.jar;C:\Users\lenovo\.m2\repository\org\springframework\boot\spring-boot-starter-mail\2.6.2\spring-boot-starter-mail-2.6.2.jar;C:\Users\lenovo\.m2\repository\org\springframework\spring-context-support\5.3.14\spring-context-support-5.3.14.jar;C:\Users\lenovo\.m2\repository\com\sun\mail\jakarta.mail\1.6.7\jakarta.mail-1.6.7.jar;C:\Users\lenovo\.m2\repository\com\sun\activation\jakarta.activation\1.2.2\jakarta.activation-1.2.2.jar;C:\Users\lenovo\.m2\repository\org\elasticsearch\client\elasticsearch-rest-high-level-client\7.15.2\elasticsearch-rest-high-level-client-7.15.2.jar;C:\Users\lenovo\.m2\repository\org\elasticsearch\elasticsearch\7.15.2\elasticsearch-7.15.2.jar;C:\Users\lenovo\.m2\repository\org\elasticsearch\elasticsearch-core\7.15.2\elasticsearch-core-7.15.2.jar;C:\Users\lenovo\.m2\repository\org\elasticsearch\elasticsearch-secure-sm\7.15.2\elasticsearch-secure-sm-7.15.2.jar;C:\Users\lenovo\.m2\repository\org\elasticsearch\elasticsearch-x-content\7.15.2\elasticsearch-x-content-7.15.2.jar;C:\Users\lenovo\.m2\repository\com\fasterxml\jackson\dataformat\jackson-dataformat-smile\2.13.1\jackson-dataformat-smile-2.13.1.jar;C:\Users\lenovo\.m2\repository\com\fasterxml\jackson\dataformat\jackson-dataformat-yaml\2.13.1\jackson-dataformat-yaml-2.13.1.jar;C:\Users\lenovo\.m2\repository\com\fasterxml\jackson\dataformat\jackson-dataformat-cbor\2.13.1\jackson-dataformat-cbor-2.13.1.jar;C:\Users\lenovo\.m2\repository\org\elasticsearch\elasticsearch-geo\7.15.2\elasticsearch-geo-7.15.2.jar;C:\Users\lenovo\.m2\repository\org\apache\lucene\lucene-core\8.9.0\lucene-core-8.9.0.jar;C:\Users\lenovo\.m2\repository\org\apache\lucene\lucene-analyzers-common\8.9.0\lucene-analyzers-common-8.9.0.jar;C:\Users\lenovo\.m2\repository\org\apache\lucene\lucene-backward-codecs\8.9.0\lucene-backward-codecs-8.9.0.jar;C:\Users\lenovo\.m2\repository\org\apache\lucene\lucene-grouping\8.9.0\lucene-grouping-8.9.0.jar;C:\Users\lenovo\.m2\repository\org\apache\lucene\lucene-highlighter\8.9.0\lucene-highlighter-8.9.0.jar;C:\Users\lenovo\.m2\repository\org\apache\lucene\lucene-join\8.9.0\lucene-join-8.9.0.jar;C:\Users\lenovo\.m2\repository\org\apache\lucene\lucene-memory\8.9.0\lucene-memory-8.9.0.jar;C:\Users\lenovo\.m2\repository\org\apache\lucene\lucene-misc\8.9.0\lucene-misc-8.9.0.jar;C:\Users\lenovo\.m2\repository\org\apache\lucene\lucene-queries\8.9.0\lucene-queries-8.9.0.jar;C:\Users\lenovo\.m2\repository\org\apache\lucene\lucene-queryparser\8.9.0\lucene-queryparser-8.9.0.jar;C:\Users\lenovo\.m2\repository\org\apache\lucene\lucene-sandbox\8.9.0\lucene-sandbox-8.9.0.jar;C:\Users\lenovo\.m2\repository\org\apache\lucene\lucene-spatial-extras\8.9.0\lucene-spatial-extras-8.9.0.jar;C:\Users\lenovo\.m2\repository\org\apache\lucene\lucene-spatial3d\8.9.0\lucene-spatial3d-8.9.0.jar;C:\Users\lenovo\.m2\repository\org\apache\lucene\lucene-suggest\8.9.0\lucene-suggest-8.9.0.jar;C:\Users\lenovo\.m2\repository\org\elasticsearch\elasticsearch-cli\7.15.2\elasticsearch-cli-7.15.2.jar;C:\Users\lenovo\.m2\repository\net\sf\jopt-simple\jopt-simple\5.0.2\jopt-simple-5.0.2.jar;C:\Users\lenovo\.m2\repository\com\carrotsearch\hppc\0.8.1\hppc-0.8.1.jar;C:\Users\lenovo\.m2\repository\org\lz4\lz4-java\1.8.0\lz4-java-1.8.0.jar;C:\Users\lenovo\.m2\repository\joda-time\joda-time\2.10.10\joda-time-2.10.10.jar;C:\Users\lenovo\.m2\repository\com\tdunning\t-digest\3.2\t-digest-3.2.jar;C:\Users\lenovo\.m2\repository\org\hdrhistogram\HdrHistogram\2.1.9\HdrHistogram-2.1.9.jar;C:\Users\lenovo\.m2\repository\org\apache\logging\log4j\log4j-api\2.17.0\log4j-api-2.17.0.jar;C:\Users\lenovo\.m2\repository\org\elasticsearch\jna\5.7.0-1\jna-5.7.0-1.jar;C:\Users\lenovo\.m2\repository\org\elasticsearch\elasticsearch-plugin-classloader\7.15.2\elasticsearch-plugin-classloader-7.15.2.jar;C:\Users\lenovo\.m2\repository\org\elasticsearch\client\elasticsearch-rest-client\7.15.2\elasticsearch-rest-client-7.15.2.jar;C:\Users\lenovo\.m2\repository\org\apache\httpcomponents\httpclient\4.5.13\httpclient-4.5.13.jar;C:\Users\lenovo\.m2\repository\org\apache\httpcomponents\httpcore\4.4.15\httpcore-4.4.15.jar;C:\Users\lenovo\.m2\repository\org\apache\httpcomponents\httpasyncclient\4.1.5\httpasyncclient-4.1.5.jar;C:\Users\lenovo\.m2\repository\org\apache\httpcomponents\httpcore-nio\4.4.15\httpcore-nio-4.4.15.jar;C:\Users\lenovo\.m2\repository\commons-codec\commons-codec\1.15\commons-codec-1.15.jar;C:\Users\lenovo\.m2\repository\org\elasticsearch\plugin\mapper-extras-client\7.15.2\mapper-extras-client-7.15.2.jar;C:\Users\lenovo\.m2\repository\org\elasticsearch\plugin\parent-join-client\7.15.2\parent-join-client-7.15.2.jar;C:\Users\lenovo\.m2\repository\org\elasticsearch\plugin\aggs-matrix-stats-client\7.15.2\aggs-matrix-stats-client-7.15.2.jar;C:\Users\lenovo\.m2\repository\org\elasticsearch\plugin\rank-eval-client\7.15.2\rank-eval-client-7.15.2.jar;C:\Users\lenovo\.m2\repository\org\elasticsearch\plugin\lang-mustache-client\7.15.2\lang-mustache-client-7.15.2.jar;C:\Users\lenovo\.m2\repository\com\github\spullara\mustache\java\compiler\0.9.6\compiler-0.9.6.jar;C:\Users\lenovo\.m2\repository\org\springframework\boot\spring-boot-starter-data-redis\2.6.2\spring-boot-starter-data-redis-2.6.2.jar;C:\Users\lenovo\.m2\repository\org\springframework\data\spring-data-redis\2.6.0\spring-data-redis-2.6.0.jar;C:\Users\lenovo\.m2\repository\org\springframework\data\spring-data-keyvalue\2.6.0\spring-data-keyvalue-2.6.0.jar;C:\Users\lenovo\.m2\repository\org\springframework\data\spring-data-commons\2.6.0\spring-data-commons-2.6.0.jar;C:\Users\lenovo\.m2\repository\org\springframework\spring-tx\5.3.14\spring-tx-5.3.14.jar;C:\Users\lenovo\.m2\repository\org\springframework\spring-oxm\5.3.14\spring-oxm-5.3.14.jar;C:\Users\lenovo\.m2\repository\io\lettuce\lettuce-core\6.1.5.RELEASE\lettuce-core-6.1.5.RELEASE.jar;C:\Users\lenovo\.m2\repository\io\netty\netty-common\4.1.72.Final\netty-common-4.1.72.Final.jar;C:\Users\lenovo\.m2\repository\io\netty\netty-handler\4.1.72.Final\netty-handler-4.1.72.Final.jar;C:\Users\lenovo\.m2\repository\io\netty\netty-resolver\4.1.72.Final\netty-resolver-4.1.72.Final.jar;C:\Users\lenovo\.m2\repository\io\netty\netty-buffer\4.1.72.Final\netty-buffer-4.1.72.Final.jar;C:\Users\lenovo\.m2\repository\io\netty\netty-codec\4.1.72.Final\netty-codec-4.1.72.Final.jar;C:\Users\lenovo\.m2\repository\io\netty\netty-tcnative-classes\2.0.46.Final\netty-tcnative-classes-2.0.46.Final.jar;C:\Users\lenovo\.m2\repository\io\netty\netty-transport\4.1.72.Final\netty-transport-4.1.72.Final.jar;C:\Users\lenovo\.m2\repository\io\projectreactor\reactor-core\3.4.13\reactor-core-3.4.13.jar;C:\Users\lenovo\.m2\repository\org\reactivestreams\reactive-streams\1.0.3\reactive-streams-1.0.3.jar;C:\Users\lenovo\.m2\repository\com\alibaba\fastjson\2.0.1\fastjson-2.0.1.jar;C:\Users\lenovo\.m2\repository\com\alibaba\fastjson2\fastjson2-extension\2.0.1\fastjson2-extension-2.0.1.jar;C:\Users\lenovo\.m2\repository\com\alibaba\fastjson2\fastjson2\2.0.1\fastjson2-2.0.1.jar;"/>
    <property name="sun.cpu.endian" value="little"/>
    <property name="user.home" value="C:\Users\lenovo"/>
    <property name="user.language" value="zh"/>
    <property name="java.specification.vendor" value="Oracle Corporation"/>
    <property name="java.version.date" value="2024-07-16"/>
    <property name="java.home" value="C:\Program Files\Java\jdk-17"/>
    <property name="file.separator" value="\"/>
    <property name="basedir" value="C:\Users\lenovo\Desktop\ruanfen-back"/>
>>>>>>> hui
    <property name="java.vm.compressedOopsMode" value="Zero based"/>
    <property name="line.separator" value="&#10;"/>
    <property name="java.vm.specification.vendor" value="Oracle Corporation"/>
    <property name="java.specification.name" value="Java Platform API Specification"/>
<<<<<<< HEAD
    <property name="surefire.real.class.path" value="C:\Users\ADMINI~1\AppData\Local\Temp\surefire1318616945936788028\surefirebooter6313929634387529271.jar"/>
    <property name="user.script" value=""/>
    <property name="sun.management.compiler" value="HotSpot 64-Bit Tiered Compilers"/>
    <property name="java.runtime.version" value="17.0.10+11-LTS-240"/>
    <property name="user.name" value="Administrator"/>
=======
    <property name="surefire.real.class.path" value="C:\Users\lenovo\AppData\Local\Temp\surefire16732666649850368891\surefirebooter851989798505948297.jar"/>
    <property name="user.script" value=""/>
    <property name="sun.management.compiler" value="HotSpot 64-Bit Tiered Compilers"/>
    <property name="java.runtime.version" value="17.0.12+8-LTS-286"/>
    <property name="user.name" value="lenovo"/>
>>>>>>> hui
    <property name="path.separator" value=";"/>
    <property name="os.version" value="10.0"/>
    <property name="java.runtime.name" value="Java(TM) SE Runtime Environment"/>
    <property name="file.encoding" value="GBK"/>
    <property name="java.vm.name" value="Java HotSpot(TM) 64-Bit Server VM"/>
<<<<<<< HEAD
    <property name="localRepository" value="D:\Maven\apache-maven-3.8.8\repo"/>
    <property name="java.vendor.url.bug" value="https://bugreport.java.com/bugreport/"/>
    <property name="java.io.tmpdir" value="C:\Users\ADMINI~1\AppData\Local\Temp\"/>
    <property name="java.version" value="17.0.10"/>
    <property name="user.dir" value="D:\Work5\A_Project\ruanfen\academic"/>
=======
    <property name="localRepository" value="C:\Users\lenovo\.m2\repository"/>
    <property name="java.vendor.url.bug" value="https://bugreport.java.com/bugreport/"/>
    <property name="java.io.tmpdir" value="C:\Users\lenovo\AppData\Local\Temp\"/>
    <property name="java.version" value="17.0.12"/>
    <property name="user.dir" value="C:\Users\lenovo\Desktop\ruanfen-back"/>
>>>>>>> hui
    <property name="os.arch" value="amd64"/>
    <property name="java.vm.specification.name" value="Java Virtual Machine Specification"/>
    <property name="sun.os.patch.level" value=""/>
    <property name="native.encoding" value="GBK"/>
<<<<<<< HEAD
    <property name="java.library.path" value="D:\Java\jdk-17\bin;C:\Windows\Sun\Java\bin;C:\Windows\system32;C:\Windows;C:\Program Files (x86)\Common Files\Oracle\Java\javapath;D:\VMware\VMware Workstation\bin\;C:\Program Files\PlasticSCM5\server;C:\Program Files\PlasticSCM5\client;D:\Java\jdk-17\jre\bin;D:\Java\jdk-17\bin;C:\Program Files\Common Files\Oracle\Java\javapath;C:\Windows\system32;C:\Windows;C:\Windows\System32\Wbem;C:\Windows\System32\WindowsPowerShell\v1.0\;C:\Windows\System32\OpenSSH\;C:\Program Files\dotnet\;C:\Program Files (x86)\NVIDIA Corporation\PhysX\Common;D:\MySQL\MySQL Server 8.0\bin;D:\NodeJS\node;C:\Program Files\Docker\Docker\resources\bin;D:\Bandzip\Bandizip;D:\Prince\engine\bin;D:\MingW\mingw64\bin;D:\Maven\apache-maven-3.8.8\bin;D:\Git\cmd;D:\LLVM\bin;C:\Program Files\NVIDIA Corporation\NVIDIA app\NvDLISR;D:\Redis;C:\Users\Administrator\AppData\Local\Programs\Python\Python312\Scripts\;C:\Users\Administrator\AppData\Local\Programs\Python\Python312\;C:\Users\Administrator\AppData\Local\Microsoft\WindowsApps;D:\IDE\VSCode\bin;D:\IDE\JetBrains\CLion 2023.3.4\bin;;D:\IDE\\JetBrains\IntelliJ IDEA Community Edition 2024.1\bin;;D:\IDE\JetBrains\PyCharm Community Edition 2024.1\bin;;D:\JetBrains\IntelliJ IDEA 2023.2.8\bin;;C:\Users\Administrator\.dotnet\tools;."/>
    <property name="java.vm.info" value="mixed mode, sharing"/>
    <property name="java.vendor" value="Oracle Corporation"/>
    <property name="java.vm.version" value="17.0.10+11-LTS-240"/>
    <property name="sun.io.unicode.encoding" value="UnicodeLittle"/>
    <property name="java.class.version" value="61.0"/>
  </properties>
  <testcase name="testArticle" classname="com.ruanfen.AppTest" time="0.851"/>
=======
    <property name="java.library.path" value="C:\Program Files\Java\jdk-17\bin;C:\Windows\Sun\Java\bin;C:\Windows\system32;C:\Windows;C:\Program Files\Java\jdk-17\bin;D:\environment\SIMULIA\Commands;C:\Program Files (x86)\VMware\VMware Workstation\bin\;C:\Python312\Scripts\;C:\Python312\;C:\Windows\system32;C:\Windows;C:\Windows\System32\Wbem;C:\Windows\System32\WindowsPowerShell\v1.0\;C:\Windows\System32\OpenSSH\;C:\Program Files (x86)\NVIDIA Corporation\PhysX\Common;C:\Program Files\NVIDIA Corporation\NVIDIA NvDLISR;D:\environment\mingw64\bin;C:\Program Files\MySQL\MySQL Server 8.0\bin;D:\environment\nodejs\;C:\ProgramData\chocolatey\bin;D:\environment\apache-maven-3.8.5\bin;C:\Program Files\Git\cmd;C:\Program Files\Docker\Docker\resources\bin;D:\environment\LLVM\bin;C:\Users\lenovo\AppData\Local\Microsoft\WindowsApps;C:\Users\lenovo\AppData\Local\Programs\Microsoft VS Code\bin;C:\Users\lenovo\AppData\Roaming\npm;D:\environment\nodejs\npm_modules;;C:\Users\lenovo\AppData\Local\Programs\Ollama;D:\environment\CLion 2019.3.6\bin;;C:\Program Files\JetBrains\IntelliJ IDEA Community Edition 2022.2.3\bin;;C:\Users\lenovo\AppData\Local\JetBrains\IntelliJ IDEA 2022.3.3\bin;;c:\Users\lenovo\AppData\Roaming\Code\User\globalStorage\github.copilot-chat\debugCommand;."/>
    <property name="java.vm.info" value="mixed mode, sharing"/>
    <property name="java.vendor" value="Oracle Corporation"/>
    <property name="java.vm.version" value="17.0.12+8-LTS-286"/>
    <property name="sun.io.unicode.encoding" value="UnicodeLittle"/>
    <property name="skiptests" value="true"/>
    <property name="java.class.version" value="61.0"/>
  </properties>
  <testcase name="testArticle" classname="com.ruanfen.AppTest" time="0.781">
    <error message="java.util.concurrent.ExecutionException: java.net.ConnectException: Connection refused: no further information" type="org.elasticsearch.ElasticsearchException">org.elasticsearch.ElasticsearchException: java.util.concurrent.ExecutionException: java.net.ConnectException: Connection refused: no further information
	at com.ruanfen.AppTest.testArticle(AppTest.java:50)
Caused by: java.util.concurrent.ExecutionException: java.net.ConnectException: Connection refused: no further information
	at com.ruanfen.AppTest.testArticle(AppTest.java:50)
Caused by: java.net.ConnectException: Connection refused: no further information
</error>
    <system-out><![CDATA[16:48:44.213 [main] DEBUG org.springframework.test.context.BootstrapUtils - Instantiating CacheAwareContextLoaderDelegate from class [org.springframework.test.context.cache.DefaultCacheAwareContextLoaderDelegate]
16:48:44.221 [main] DEBUG org.springframework.test.context.BootstrapUtils - Instantiating BootstrapContext using constructor [public org.springframework.test.context.support.DefaultBootstrapContext(java.lang.Class,org.springframework.test.context.CacheAwareContextLoaderDelegate)]
16:48:44.257 [main] DEBUG org.springframework.test.context.BootstrapUtils - Instantiating TestContextBootstrapper for test class [com.ruanfen.AppTest] from class [org.springframework.boot.test.context.SpringBootTestContextBootstrapper]
16:48:44.267 [main] INFO org.springframework.boot.test.context.SpringBootTestContextBootstrapper - Neither @ContextConfiguration nor @ContextHierarchy found for test class [com.ruanfen.AppTest], using SpringBootContextLoader
16:48:44.271 [main] DEBUG org.springframework.test.context.support.AbstractContextLoader - Did not detect default resource location for test class [com.ruanfen.AppTest]: class path resource [com/ruanfen/AppTest-context.xml] does not exist
16:48:44.272 [main] DEBUG org.springframework.test.context.support.AbstractContextLoader - Did not detect default resource location for test class [com.ruanfen.AppTest]: class path resource [com/ruanfen/AppTestContext.groovy] does not exist
16:48:44.272 [main] INFO org.springframework.test.context.support.AbstractContextLoader - Could not detect default resource locations for test class [com.ruanfen.AppTest]: no resource found for suffixes {-context.xml, Context.groovy}.
16:48:44.272 [main] INFO org.springframework.test.context.support.AnnotationConfigContextLoaderUtils - Could not detect default configuration classes for test class [com.ruanfen.AppTest]: AppTest does not declare any static, non-private, non-final, nested classes annotated with @Configuration.
16:48:44.321 [main] DEBUG org.springframework.test.context.support.ActiveProfilesUtils - Could not find an 'annotation declaring class' for annotation type [org.springframework.test.context.ActiveProfiles] and class [com.ruanfen.AppTest]
16:48:44.392 [main] DEBUG org.springframework.context.annotation.ClassPathScanningCandidateComponentProvider - Identified candidate component class: file [C:\Users\lenovo\Desktop\ruanfen-back\target\classes\com\ruanfen\AcademicApplication.class]
16:48:44.393 [main] INFO org.springframework.boot.test.context.SpringBootTestContextBootstrapper - Found @SpringBootConfiguration com.ruanfen.AcademicApplication for test class com.ruanfen.AppTest
16:48:44.520 [main] DEBUG org.springframework.boot.test.context.SpringBootTestContextBootstrapper - @TestExecutionListeners is not present for class [com.ruanfen.AppTest]: using defaults.
16:48:44.521 [main] INFO org.springframework.boot.test.context.SpringBootTestContextBootstrapper - Loaded default TestExecutionListener class names from location [META-INF/spring.factories]: [org.springframework.boot.test.mock.mockito.MockitoTestExecutionListener, org.springframework.boot.test.mock.mockito.ResetMocksTestExecutionListener, org.springframework.boot.test.autoconfigure.restdocs.RestDocsTestExecutionListener, org.springframework.boot.test.autoconfigure.web.client.MockRestServiceServerResetTestExecutionListener, org.springframework.boot.test.autoconfigure.web.servlet.MockMvcPrintOnlyOnFailureTestExecutionListener, org.springframework.boot.test.autoconfigure.web.servlet.WebDriverTestExecutionListener, org.springframework.boot.test.autoconfigure.webservices.client.MockWebServiceServerTestExecutionListener, org.springframework.test.context.web.ServletTestExecutionListener, org.springframework.test.context.support.DirtiesContextBeforeModesTestExecutionListener, org.springframework.test.context.event.ApplicationEventsTestExecutionListener, org.springframework.test.context.support.DependencyInjectionTestExecutionListener, org.springframework.test.context.support.DirtiesContextTestExecutionListener, org.springframework.test.context.transaction.TransactionalTestExecutionListener, org.springframework.test.context.jdbc.SqlScriptsTestExecutionListener, org.springframework.test.context.event.EventPublishingTestExecutionListener]
16:48:44.541 [main] INFO org.springframework.boot.test.context.SpringBootTestContextBootstrapper - Using TestExecutionListeners: [org.springframework.test.context.web.ServletTestExecutionListener@176b3f44, org.springframework.test.context.support.DirtiesContextBeforeModesTestExecutionListener@6ee6f53, org.springframework.test.context.event.ApplicationEventsTestExecutionListener@421bba99, org.springframework.boot.test.mock.mockito.MockitoTestExecutionListener@5d12a356, org.springframework.boot.test.autoconfigure.SpringBootDependencyInjectionTestExecutionListener@134d26af, org.springframework.test.context.support.DirtiesContextTestExecutionListener@66ac5762, org.springframework.test.context.transaction.TransactionalTestExecutionListener@797cf65c, org.springframework.test.context.jdbc.SqlScriptsTestExecutionListener@31bcf236, org.springframework.test.context.event.EventPublishingTestExecutionListener@4b3ed2f0, org.springframework.boot.test.mock.mockito.ResetMocksTestExecutionListener@4fad9bb2, org.springframework.boot.test.autoconfigure.restdocs.RestDocsTestExecutionListener@517d4a0d, org.springframework.boot.test.autoconfigure.web.client.MockRestServiceServerResetTestExecutionListener@7862f56, org.springframework.boot.test.autoconfigure.web.servlet.MockMvcPrintOnlyOnFailureTestExecutionListener@3a12c404, org.springframework.boot.test.autoconfigure.web.servlet.WebDriverTestExecutionListener@1941a8ff, org.springframework.boot.test.autoconfigure.webservices.client.MockWebServiceServerTestExecutionListener@22d7b4f8]
16:48:44.546 [main] DEBUG org.springframework.test.context.support.AbstractDirtiesContextTestExecutionListener - Before test class: context [DefaultTestContext@8dbfffb testClass = AppTest, testInstance = [null], testMethod = [null], testException = [null], mergedContextConfiguration = [WebMergedContextConfiguration@f316aeb testClass = AppTest, locations = '{}', classes = '{class com.ruanfen.AcademicApplication}', contextInitializerClasses = '[]', activeProfiles = '{}', propertySourceLocations = '{}', propertySourceProperties = '{org.springframework.boot.test.context.SpringBootTestContextBootstrapper=true}', contextCustomizers = set[org.springframework.boot.test.context.filter.ExcludeFilterContextCustomizer@4c1909a3, org.springframework.boot.test.json.DuplicateJsonObjectContextCustomizerFactory$DuplicateJsonObjectContextCustomizer@2d710f1a, org.springframework.boot.test.mock.mockito.MockitoContextCustomizer@0, org.springframework.boot.test.web.client.TestRestTemplateContextCustomizer@60bd273d, org.springframework.boot.test.autoconfigure.actuate.metrics.MetricsExportContextCustomizerFactory$DisableMetricExportContextCustomizer@51c668e3, org.springframework.boot.test.autoconfigure.properties.PropertyMappingContextCustomizer@0, org.springframework.boot.test.autoconfigure.web.servlet.WebDriverContextCustomizerFactory$Customizer@55a147cc, org.springframework.boot.test.context.SpringBootTestArgs@1, org.springframework.boot.test.context.SpringBootTestWebEnvironment@18bf3d14], resourceBasePath = 'src/main/webapp', contextLoader = 'org.springframework.boot.test.context.SpringBootContextLoader', parent = [null]], attributes = map['org.springframework.test.context.web.ServletTestExecutionListener.activateListener' -> true]], class annotated with @DirtiesContext [false] with mode [null].
16:48:44.597 [main] DEBUG org.springframework.boot.ApplicationServletEnvironment - Activating profiles []
16:48:44.598 [main] DEBUG org.springframework.test.context.support.TestPropertySourceUtils - Adding inlined properties to environment: {spring.jmx.enabled=false, org.springframework.boot.test.context.SpringBootTestContextBootstrapper=true}

  .   ____          _            __ _ _
 /\\ / ___'_ __ _ _(_)_ __  __ _ \ \ \ \
( ( )\___ | '_ | '_| | '_ \/ _` | \ \ \ \
 \\/  ___)| |_)| | | | | || (_| |  ) ) ) )
  '  |____| .__|_| |_|_| |_\__, | / / / /
 =========|_|==============|___/=/_/_/_/
 :: Spring Boot ::                (v2.6.2)

2024-12-21 16:48:44.984  INFO 26844 --- [           main] com.ruanfen.AppTest                      : Starting AppTest using Java 17.0.12 on LAPTOP-5VCBA8SP with PID 26844 (started by lenovo in C:\Users\lenovo\Desktop\ruanfen-back)
2024-12-21 16:48:44.984  INFO 26844 --- [           main] com.ruanfen.AppTest                      : No active profile set, falling back to default profiles: default
2024-12-21 16:48:45.912  INFO 26844 --- [           main] .s.d.r.c.RepositoryConfigurationDelegate : Multiple Spring Data modules found, entering strict repository configuration mode!
2024-12-21 16:48:45.916  INFO 26844 --- [           main] .s.d.r.c.RepositoryConfigurationDelegate : Bootstrapping Spring Data Redis repositories in DEFAULT mode.
2024-12-21 16:48:45.989  INFO 26844 --- [           main] .s.d.r.c.RepositoryConfigurationDelegate : Finished Spring Data repository scanning in 28 ms. Found 0 Redis repository interfaces.
Logging initialized using 'class org.apache.ibatis.logging.stdout.StdOutImpl' adapter.
Parsed mapper file: 'file [C:\Users\lenovo\Desktop\ruanfen-back\target\classes\mapper\ArticalMapper.xml]'
Parsed mapper file: 'file [C:\Users\lenovo\Desktop\ruanfen-back\target\classes\mapper\PatentMapper.xml]'
Parsed mapper file: 'file [C:\Users\lenovo\Desktop\ruanfen-back\target\classes\mapper\ResearcherMapper.xml]'
Parsed mapper file: 'file [C:\Users\lenovo\Desktop\ruanfen-back\target\classes\mapper\UserMapper.xml]'
 _ _   |_  _ _|_. ___ _ |    _ 
| | |\/|_)(_| | |_\  |_)||_|_\ 
     /               |         
                        3.4.2 
2024-12-21 16:48:50.248  INFO 26844 --- [           main] com.ruanfen.AppTest                      : Started AppTest in 5.649 seconds (JVM running for 6.647)
]]></system-out>
  </testcase>
>>>>>>> hui
</testsuite>